2024-06-03 09:46:29.548 [main] INFO  it.smartpaper.BookStoreImpl.AcquistoImplementationTest - ________________________________________
2024-06-03 09:46:29.553 [main] INFO  it.smartpaper.BookStoreImpl.AcquistoImplementationTest - Creo un nuovo driver
2024-06-03 09:46:34.926 [main] INFO  it.smartpaper.BookStoreImpl.AcquistoImplementationTest - Driver creato correttamente
2024-06-03 09:46:35.747 [main] INFO  it.smartpaper.BookStoreImpl.AcquistoImplementationTest - Apri la pagina
2024-06-03 09:46:35.760 [main] INFO  it.smartpaper.BookStoreImpl.AcquistoImplementationTest - Apri la pagina
2024-06-03 09:47:14.217 [main] INFO  it.smartpaper.BookStoreImpl.AcquistoImplementationTest - ________________________________________
2024-06-03 09:47:14.223 [main] INFO  it.smartpaper.BookStoreImpl.AcquistoImplementationTest - Creo un nuovo driver
2024-06-03 09:47:17.428 [main] INFO  it.smartpaper.BookStoreImpl.AcquistoImplementationTest - Driver creato correttamente
2024-06-03 09:47:18.261 [main] INFO  it.smartpaper.BookStoreImpl.AcquistoImplementationTest - Apri la pagina
2024-06-03 09:47:18.268 [main] INFO  it.smartpaper.BookStoreImpl.AcquistoImplementationTest - Apri la pagina
2024-06-03 09:47:49.455 [main] INFO  it.smartpaper.BookStoreImpl.AcquistoImplementationTest - ________________________________________
2024-06-03 09:47:49.461 [main] INFO  it.smartpaper.BookStoreImpl.AcquistoImplementationTest - Creo un nuovo driver
2024-06-03 09:47:52.678 [main] INFO  it.smartpaper.BookStoreImpl.AcquistoImplementationTest - Driver creato correttamente
2024-06-03 09:47:53.490 [main] INFO  it.smartpaper.BookStoreImpl.AcquistoImplementationTest - Apri la pagina
2024-06-03 09:47:53.498 [main] INFO  it.smartpaper.BookStoreImpl.AcquistoImplementationTest - Apri la pagina
2024-06-03 09:47:59.643 [main] INFO  it.smartpaper.BookStoreImpl.AcquistoImplementationTest - ________________________________________
2024-06-03 09:47:59.648 [main] INFO  it.smartpaper.BookStoreImpl.AcquistoImplementationTest - Creo un nuovo driver
2024-06-03 09:48:13.813 [main] INFO  it.smartpaper.BookStoreImpl.AcquistoImplementationTest - ________________________________________
2024-06-03 09:48:13.819 [main] INFO  it.smartpaper.BookStoreImpl.AcquistoImplementationTest - Creo un nuovo driver
2024-06-03 09:48:17.199 [main] INFO  it.smartpaper.BookStoreImpl.AcquistoImplementationTest - Driver creato correttamente
2024-06-03 09:50:22.701 [main] INFO  it.smartpaper.BookStoreImpl.AcquistoImplementationTest - ________________________________________
2024-06-03 09:50:22.706 [main] INFO  it.smartpaper.BookStoreImpl.AcquistoImplementationTest - Creo un nuovo driver
2024-06-03 09:50:25.958 [main] INFO  it.smartpaper.BookStoreImpl.AcquistoImplementationTest - Driver creato correttamente
2024-06-03 09:50:26.768 [main] INFO  it.smartpaper.BookStoreImpl.AcquistoImplementationTest - Apri la pagina
2024-06-03 09:50:26.776 [main] INFO  it.smartpaper.BookStoreImpl.AcquistoImplementationTest - Apri la pagina
2024-06-03 09:51:50.250 [main] INFO  it.smartpaper.BookStoreImpl.AcquistoImplementationTest - ________________________________________
2024-06-03 09:51:50.256 [main] INFO  it.smartpaper.BookStoreImpl.AcquistoImplementationTest - Creo un nuovo driver
2024-06-03 09:51:53.516 [main] INFO  it.smartpaper.BookStoreImpl.AcquistoImplementationTest - Driver creato correttamente
2024-06-03 09:51:54.323 [main] INFO  it.smartpaper.BookStoreImpl.AcquistoImplementationTest - ________________________________________
2024-06-03 09:51:54.324 [main] INFO  it.smartpaper.BookStoreImpl.AcquistoImplementationTest - Creo un nuovo driver
2024-06-03 09:51:56.717 [main] INFO  it.smartpaper.BookStoreImpl.AcquistoImplementationTest - Driver creato correttamente
2024-06-03 09:51:57.490 [main] INFO  it.smartpaper.BookStoreImpl.AcquistoImplementationTest - ________________________________________
2024-06-03 09:51:57.490 [main] INFO  it.smartpaper.BookStoreImpl.AcquistoImplementationTest - Creo un nuovo driver
2024-06-03 09:51:59.846 [main] INFO  it.smartpaper.BookStoreImpl.AcquistoImplementationTest - Driver creato correttamente
2024-06-03 09:52:00.652 [main] INFO  it.smartpaper.BookStoreImpl.AcquistoImplementationTest - Apri la pagina
2024-06-03 09:52:00.656 [main] INFO  it.smartpaper.BookStoreImpl.AcquistoImplementationTest - ________________________________________
2024-06-03 09:52:00.657 [main] INFO  it.smartpaper.BookStoreImpl.AcquistoImplementationTest - Creo un nuovo driver
2024-06-03 09:52:03.026 [main] INFO  it.smartpaper.BookStoreImpl.AcquistoImplementationTest - Driver creato correttamente
2024-06-03 09:52:03.800 [main] INFO  it.smartpaper.BookStoreImpl.AcquistoImplementationTest - Apri la pagina
2024-06-03 09:55:59.582 [main] INFO  it.smartpaper.BookStoreImpl.AcquistoImplementationTest - ________________________________________
2024-06-03 09:55:59.589 [main] INFO  it.smartpaper.BookStoreImpl.AcquistoImplementationTest - Creo un nuovo driver
2024-06-03 09:56:02.843 [main] INFO  it.smartpaper.BookStoreImpl.AcquistoImplementationTest - Driver creato correttamente
2024-06-03 09:56:03.633 [main] INFO  it.smartpaper.BookStoreImpl.AcquistoImplementationTest - ________________________________________
2024-06-03 09:56:03.634 [main] INFO  it.smartpaper.BookStoreImpl.AcquistoImplementationTest - Creo un nuovo driver
2024-06-03 09:56:06.000 [main] INFO  it.smartpaper.BookStoreImpl.AcquistoImplementationTest - Driver creato correttamente
2024-06-03 09:56:06.830 [main] INFO  it.smartpaper.BookStoreImpl.AcquistoImplementationTest - ________________________________________
2024-06-03 09:56:06.830 [main] INFO  it.smartpaper.BookStoreImpl.AcquistoImplementationTest - Creo un nuovo driver
2024-06-03 09:56:58.380 [main] INFO  it.smartpaper.BookStoreImpl.AcquistoImplementationTest - ________________________________________
2024-06-03 09:56:58.386 [main] INFO  it.smartpaper.BookStoreImpl.AcquistoImplementationTest - Creo un nuovo driver
2024-06-03 09:57:01.613 [main] INFO  it.smartpaper.BookStoreImpl.AcquistoImplementationTest - Driver creato correttamente
2024-06-03 09:57:02.393 [main] INFO  it.smartpaper.BookStoreImpl.AcquistoImplementationTest - ________________________________________
2024-06-03 09:57:02.393 [main] INFO  it.smartpaper.BookStoreImpl.AcquistoImplementationTest - Creo un nuovo driver
2024-06-03 09:57:26.138 [main] INFO  it.smartpaper.BookStoreImpl.AcquistoImplementationTest - ________________________________________
2024-06-03 09:57:26.144 [main] INFO  it.smartpaper.BookStoreImpl.AcquistoImplementationTest - Creo un nuovo driver
2024-06-03 09:57:29.376 [main] INFO  it.smartpaper.BookStoreImpl.AcquistoImplementationTest - Driver creato correttamente
2024-06-03 09:57:30.165 [main] INFO  it.smartpaper.BookStoreImpl.AcquistoImplementationTest - ________________________________________
2024-06-03 09:57:30.165 [main] INFO  it.smartpaper.BookStoreImpl.AcquistoImplementationTest - Creo un nuovo driver
2024-06-03 09:57:32.615 [main] INFO  it.smartpaper.BookStoreImpl.AcquistoImplementationTest - Driver creato correttamente
2024-06-03 09:58:43.391 [main] INFO  it.smartpaper.BookStoreImpl.AcquistoImplementationTest - ________________________________________
2024-06-03 09:58:43.398 [main] INFO  it.smartpaper.BookStoreImpl.AcquistoImplementationTest - Creo un nuovo driver
2024-06-03 09:58:45.652 [main] INFO  it.smartpaper.BookStoreImpl.AcquistoImplementationTest - ________________________________________
2024-06-03 09:58:45.657 [main] INFO  it.smartpaper.BookStoreImpl.AcquistoImplementationTest - Creo un nuovo driver
2024-06-03 09:58:47.111 [main] INFO  it.smartpaper.BookStoreImpl.AcquistoImplementationTest - Driver creato correttamente
2024-06-03 09:58:48.032 [main] INFO  it.smartpaper.BookStoreImpl.AcquistoImplementationTest - ________________________________________
2024-06-03 09:58:48.032 [main] INFO  it.smartpaper.BookStoreImpl.AcquistoImplementationTest - Creo un nuovo driver
2024-06-03 09:58:50.474 [main] INFO  it.smartpaper.BookStoreImpl.AcquistoImplementationTest - Driver creato correttamente
2024-06-03 09:58:51.300 [main] INFO  it.smartpaper.BookStoreImpl.AcquistoImplementationTest - Driver creato correttamente
2024-06-03 09:58:52.042 [main] INFO  it.smartpaper.BookStoreImpl.AcquistoImplementationTest - ________________________________________
2024-06-03 09:58:52.042 [main] INFO  it.smartpaper.BookStoreImpl.AcquistoImplementationTest - Creo un nuovo driver
2024-06-03 09:59:23.652 [main] INFO  it.smartpaper.BookStoreImpl.AcquistoImplementationTest - ________________________________________
2024-06-03 09:59:23.657 [main] INFO  it.smartpaper.BookStoreImpl.AcquistoImplementationTest - Creo un nuovo driver
2024-06-03 09:59:26.887 [main] INFO  it.smartpaper.BookStoreImpl.AcquistoImplementationTest - Driver creato correttamente
2024-06-03 09:59:27.683 [main] INFO  it.smartpaper.BookStoreImpl.AcquistoImplementationTest - ________________________________________
2024-06-03 09:59:27.683 [main] INFO  it.smartpaper.BookStoreImpl.AcquistoImplementationTest - Creo un nuovo driver
2024-06-03 09:59:30.035 [main] INFO  it.smartpaper.BookStoreImpl.AcquistoImplementationTest - Driver creato correttamente
2024-06-03 09:59:30.804 [main] INFO  it.smartpaper.BookStoreImpl.AcquistoImplementationTest - ________________________________________
2024-06-03 09:59:30.805 [main] INFO  it.smartpaper.BookStoreImpl.AcquistoImplementationTest - Creo un nuovo driver
2024-06-03 09:59:33.240 [main] INFO  it.smartpaper.BookStoreImpl.AcquistoImplementationTest - Driver creato correttamente
2024-06-03 09:59:33.991 [main] INFO  it.smartpaper.BookStoreImpl.AcquistoImplementationTest - Apri la pagina
2024-06-03 09:59:33.995 [main] INFO  it.smartpaper.BookStoreImpl.AcquistoImplementationTest - ________________________________________
2024-06-03 09:59:33.995 [main] INFO  it.smartpaper.BookStoreImpl.AcquistoImplementationTest - Creo un nuovo driver
2024-06-03 09:59:47.100 [main] INFO  it.smartpaper.BookStoreImpl.AcquistoImplementationTest - ________________________________________
2024-06-03 09:59:47.105 [main] INFO  it.smartpaper.BookStoreImpl.AcquistoImplementationTest - Creo un nuovo driver
2024-06-03 09:59:50.393 [main] INFO  it.smartpaper.BookStoreImpl.AcquistoImplementationTest - Driver creato correttamente
2024-06-03 09:59:51.214 [main] INFO  it.smartpaper.BookStoreImpl.AcquistoImplementationTest - ________________________________________
2024-06-03 09:59:51.214 [main] INFO  it.smartpaper.BookStoreImpl.AcquistoImplementationTest - Creo un nuovo driver
2024-06-03 09:59:53.621 [main] INFO  it.smartpaper.BookStoreImpl.AcquistoImplementationTest - Driver creato correttamente
2024-06-03 09:59:54.376 [main] INFO  it.smartpaper.BookStoreImpl.AcquistoImplementationTest - ________________________________________
2024-06-03 09:59:54.377 [main] INFO  it.smartpaper.BookStoreImpl.AcquistoImplementationTest - Creo un nuovo driver
2024-06-03 10:01:08.552 [main] INFO  it.smartpaper.BookStoreImpl.AcquistoImplementationTest - ________________________________________
2024-06-03 10:01:14.768 [main] INFO  it.smartpaper.BookStoreImpl.AcquistoImplementationTest - Creo un nuovo driver
2024-06-03 10:01:59.691 [main] INFO  it.smartpaper.BookStoreImpl.AcquistoImplementationTest - Driver creato correttamente
2024-06-03 10:02:38.835 [main] INFO  it.smartpaper.BookStoreImpl.AcquistoImplementationTest - ________________________________________
2024-06-03 10:04:36.626 [main] INFO  it.smartpaper.BookStoreImpl.AcquistoImplementationTest - ________________________________________
2024-06-03 10:04:57.241 [main] INFO  it.smartpaper.BookStoreImpl.AcquistoImplementationTest - Creo un nuovo driver
2024-06-03 10:05:05.242 [main] INFO  it.smartpaper.BookStoreImpl.AcquistoImplementationTest - Driver creato correttamente
2024-06-03 10:05:06.107 [main] INFO  it.smartpaper.BookStoreImpl.AcquistoImplementationTest - ________________________________________
2024-06-03 10:05:10.540 [main] INFO  it.smartpaper.BookStoreImpl.AcquistoImplementationTest - Creo un nuovo driver
2024-06-03 10:05:26.121 [main] INFO  it.smartpaper.BookStoreImpl.AcquistoImplementationTest - Driver creato correttamente
2024-06-03 10:05:32.455 [main] INFO  it.smartpaper.BookStoreImpl.AcquistoImplementationTest - Apri la pagina
2024-06-03 10:05:32.460 [main] INFO  it.smartpaper.BookStoreImpl.AcquistoImplementationTest - ________________________________________
2024-06-03 10:05:37.372 [main] INFO  it.smartpaper.BookStoreImpl.AcquistoImplementationTest - Creo un nuovo driver
2024-06-03 10:05:51.258 [main] INFO  it.smartpaper.BookStoreImpl.AcquistoImplementationTest - Driver creato correttamente
2024-06-03 10:05:57.589 [main] INFO  it.smartpaper.BookStoreImpl.AcquistoImplementationTest - Apri la pagina
2024-06-03 10:06:29.826 [main] INFO  it.smartpaper.BookStoreImpl.AcquistoImplementationTest - ________________________________________
2024-06-03 10:06:31.885 [main] INFO  it.smartpaper.BookStoreImpl.AcquistoImplementationTest - Creo un nuovo driver
2024-06-03 10:06:54.255 [main] INFO  it.smartpaper.BookStoreImpl.AcquistoImplementationTest - Driver creato correttamente
2024-06-03 10:13:52.006 [main] INFO  it.smartpaper.BookStoreImpl.AcquistoImplementationTest - ________________________________________
2024-06-03 10:13:52.011 [main] INFO  it.smartpaper.BookStoreImpl.AcquistoImplementationTest - Creo un nuovo driver
2024-06-03 10:13:58.598 [main] INFO  it.smartpaper.BookStoreImpl.AcquistoImplementationTest - Driver creato correttamente
2024-06-03 10:13:59.884 [main] INFO  it.smartpaper.BookStoreImpl.AcquistoImplementationTest - Inserisco dati per la creazione dell'account
2024-06-03 10:14:00.182 [main] INFO  it.smartpaper.BookStoreImpl.AcquistoImplementationTest - Nome utente : AmiciNoi
2024-06-03 10:14:02.283 [main] INFO  it.smartpaper.BookStoreImpl.AcquistoImplementationTest - ________________________________________
2024-06-03 10:14:02.283 [main] INFO  it.smartpaper.BookStoreImpl.AcquistoImplementationTest - Creo un nuovo driver
2024-06-03 10:14:07.385 [main] INFO  it.smartpaper.BookStoreImpl.AcquistoImplementationTest - Driver creato correttamente
2024-06-03 10:14:08.183 [main] INFO  it.smartpaper.BookStoreImpl.AcquistoImplementationTest - Inserisco dati per la creazione dell'account
2024-06-03 10:14:09.163 [main] INFO  it.smartpaper.BookStoreImpl.AcquistoImplementationTest - ________________________________________
2024-06-03 10:14:09.164 [main] INFO  it.smartpaper.BookStoreImpl.AcquistoImplementationTest - Creo un nuovo driver
2024-06-03 10:14:14.278 [main] INFO  it.smartpaper.BookStoreImpl.AcquistoImplementationTest - Driver creato correttamente
2024-06-03 10:14:14.279 [main] INFO  it.smartpaper.BookStoreImpl.AcquistoImplementationTest - Apri la pagina
2024-06-03 10:14:15.931 [main] INFO  it.smartpaper.BookStoreImpl.AcquistoImplementationTest - ________________________________________
2024-06-03 10:14:15.931 [main] INFO  it.smartpaper.BookStoreImpl.AcquistoImplementationTest - Creo un nuovo driver
2024-06-03 10:14:25.536 [main] INFO  it.smartpaper.BookStoreImpl.AcquistoImplementationTest - Driver creato correttamente
2024-06-03 10:14:25.542 [main] INFO  it.smartpaper.BookStoreImpl.AcquistoImplementationTest - Apri la pagina
2024-06-03 10:15:08.541 [main] INFO  it.smartpaper.BookStoreImpl.AcquistoImplementationTest - ________________________________________
2024-06-03 10:15:08.548 [main] INFO  it.smartpaper.BookStoreImpl.AcquistoImplementationTest - Creo un nuovo driver
2024-06-03 10:15:11.842 [main] INFO  it.smartpaper.BookStoreImpl.AcquistoImplementationTest - Driver creato correttamente
2024-06-03 10:15:12.183 [main] INFO  it.smartpaper.BookStoreImpl.AcquistoImplementationTest - Inserisco dati per la creazione dell'account
2024-06-03 10:15:13.031 [main] INFO  it.smartpaper.BookStoreImpl.AcquistoImplementationTest - ________________________________________
2024-06-03 10:15:13.031 [main] INFO  it.smartpaper.BookStoreImpl.AcquistoImplementationTest - Creo un nuovo driver
2024-06-03 10:15:15.469 [main] INFO  it.smartpaper.BookStoreImpl.AcquistoImplementationTest - Driver creato correttamente
2024-06-03 10:15:23.487 [main] INFO  it.smartpaper.BookStoreImpl.AcquistoImplementationTest - ________________________________________
2024-06-03 10:15:23.494 [main] INFO  it.smartpaper.BookStoreImpl.AcquistoImplementationTest - Creo un nuovo driver
2024-06-03 10:15:26.762 [main] INFO  it.smartpaper.BookStoreImpl.AcquistoImplementationTest - Driver creato correttamente
2024-06-03 10:15:33.216 [main] INFO  it.smartpaper.BookStoreImpl.AcquistoImplementationTest - Inserisco dati per la creazione dell'account
2024-06-03 10:15:33.490 [main] INFO  it.smartpaper.BookStoreImpl.AcquistoImplementationTest - Nome utente : AmiciNoi
2024-06-03 10:15:33.585 [main] INFO  it.smartpaper.BookStoreImpl.AcquistoImplementationTest - Il bottone 'Login' è ancora invisibile sulla pagina.
2024-06-03 10:15:34.558 [main] INFO  it.smartpaper.BookStoreImpl.AcquistoImplementationTest - ________________________________________
2024-06-03 10:15:34.558 [main] INFO  it.smartpaper.BookStoreImpl.AcquistoImplementationTest - Creo un nuovo driver
2024-06-03 10:15:36.823 [main] INFO  it.smartpaper.BookStoreImpl.AcquistoImplementationTest - Driver creato correttamente
2024-06-03 10:15:42.269 [main] INFO  it.smartpaper.BookStoreImpl.AcquistoImplementationTest - Inserisco dati per la creazione dell'account
2024-06-03 10:15:43.228 [main] INFO  it.smartpaper.BookStoreImpl.AcquistoImplementationTest - ________________________________________
2024-06-03 10:15:43.228 [main] INFO  it.smartpaper.BookStoreImpl.AcquistoImplementationTest - Creo un nuovo driver
2024-06-03 10:15:45.612 [main] INFO  it.smartpaper.BookStoreImpl.AcquistoImplementationTest - Driver creato correttamente
2024-06-03 10:15:45.613 [main] INFO  it.smartpaper.BookStoreImpl.AcquistoImplementationTest - Apri la pagina
2024-06-03 10:15:49.452 [main] INFO  it.smartpaper.BookStoreImpl.AcquistoImplementationTest - ________________________________________
2024-06-03 10:15:49.452 [main] INFO  it.smartpaper.BookStoreImpl.AcquistoImplementationTest - Creo un nuovo driver
2024-06-03 10:15:51.938 [main] INFO  it.smartpaper.BookStoreImpl.AcquistoImplementationTest - Driver creato correttamente
2024-06-03 10:15:51.941 [main] INFO  it.smartpaper.BookStoreImpl.AcquistoImplementationTest - Apri la pagina
2024-06-03 10:17:17.181 [main] INFO  it.smartpaper.BookStoreImpl.AcquistoImplementationTest - ________________________________________
2024-06-03 10:17:17.188 [main] INFO  it.smartpaper.BookStoreImpl.AcquistoImplementationTest - Creo un nuovo driver
2024-06-03 10:17:20.800 [main] INFO  it.smartpaper.BookStoreImpl.AcquistoImplementationTest - Driver creato correttamente
2024-06-03 10:17:26.238 [main] INFO  it.smartpaper.BookStoreImpl.AcquistoImplementationTest - Inserisco dati per la creazione dell'account
2024-06-03 10:17:26.546 [main] INFO  it.smartpaper.BookStoreImpl.AcquistoImplementationTest - Nome utente : AmiciNoi
2024-06-03 10:17:26.652 [main] INFO  it.smartpaper.BookStoreImpl.AcquistoImplementationTest - Il bottone 'Login' è ancora invisibile sulla pagina.
2024-06-03 10:17:27.707 [main] INFO  it.smartpaper.BookStoreImpl.AcquistoImplementationTest - Inserisco dati per la creazione dell'account
2024-06-03 10:17:27.742 [main] INFO  it.smartpaper.BookStoreImpl.AcquistoImplementationTest - Apri la pagina
2024-06-03 10:17:30.910 [main] INFO  it.smartpaper.BookStoreImpl.AcquistoImplementationTest - Apri la pagina
2024-06-03 10:22:04.384 [main] INFO  it.smartpaper.BookStoreImpl.AcquistoImplementationTest - ________________________________________
2024-06-03 10:22:23.601 [main] INFO  it.smartpaper.BookStoreImpl.AcquistoImplementationTest - ________________________________________
2024-06-03 10:22:23.608 [main] INFO  it.smartpaper.BookStoreImpl.AcquistoImplementationTest - Creo un nuovo driver
2024-06-03 10:22:27.019 [main] INFO  it.smartpaper.BookStoreImpl.AcquistoImplementationTest - Driver creato correttamente
2024-06-03 10:23:03.689 [main] INFO  it.smartpaper.BookStoreImpl.AcquistoImplementationTest - Inserisco dati per il login dell'account
2024-06-03 10:23:49.288 [main] INFO  it.smartpaper.BookStoreImpl.AcquistoImplementationTest - ________________________________________
2024-06-03 10:23:49.293 [main] INFO  it.smartpaper.BookStoreImpl.AcquistoImplementationTest - Creo un nuovo driver
2024-06-03 10:23:52.407 [main] INFO  it.smartpaper.BookStoreImpl.AcquistoImplementationTest - Driver creato correttamente
2024-06-03 10:24:00.672 [main] INFO  it.smartpaper.BookStoreImpl.AcquistoImplementationTest - Inserisco dati per il login dell'account
2024-06-03 10:24:00.965 [main] INFO  it.smartpaper.BookStoreImpl.AcquistoImplementationTest - Nome utente : AmiciNi
2024-06-03 10:24:01.086 [main] INFO  it.smartpaper.BookStoreImpl.AcquistoImplementationTest - Il bottone 'Login' è ancora visibile sulla pagina.
2024-06-03 10:24:01.130 [main] INFO  it.smartpaper.BookStoreImpl.AcquistoImplementationTest - Apri la pagina
2024-06-03 10:24:03.445 [main] INFO  it.smartpaper.BookStoreImpl.AcquistoImplementationTest - Apri la pagina
2024-06-03 10:24:50.668 [main] INFO  it.smartpaper.BookStoreImpl.AcquistoImplementationTest - ________________________________________
2024-06-03 10:24:50.675 [main] INFO  it.smartpaper.BookStoreImpl.AcquistoImplementationTest - Creo un nuovo driver
2024-06-03 10:24:54.071 [main] INFO  it.smartpaper.BookStoreImpl.AcquistoImplementationTest - Driver creato correttamente
2024-06-03 10:25:04.745 [main] INFO  it.smartpaper.BookStoreImpl.AcquistoImplementationTest - ________________________________________
2024-06-03 10:25:04.752 [main] INFO  it.smartpaper.BookStoreImpl.AcquistoImplementationTest - Creo un nuovo driver
2024-06-03 10:25:08.284 [main] INFO  it.smartpaper.BookStoreImpl.AcquistoImplementationTest - Driver creato correttamente
2024-06-03 10:25:18.383 [main] INFO  it.smartpaper.BookStoreImpl.AcquistoImplementationTest - ________________________________________
2024-06-03 10:25:18.389 [main] INFO  it.smartpaper.BookStoreImpl.AcquistoImplementationTest - Creo un nuovo driver
2024-06-03 10:25:21.893 [main] INFO  it.smartpaper.BookStoreImpl.AcquistoImplementationTest - Driver creato correttamente
2024-06-03 10:25:31.935 [main] INFO  it.smartpaper.BookStoreImpl.AcquistoImplementationTest - Inserisco dati per il login dell'account
2024-06-03 10:25:40.567 [main] INFO  it.smartpaper.BookStoreImpl.AcquistoImplementationTest - Nome utente : AmiciNi
2024-06-03 10:29:29.706 [main] INFO  it.smartpaper.BookStoreImpl.AcquistoImplementationTest - ________________________________________
2024-06-03 10:29:29.712 [main] INFO  it.smartpaper.BookStoreImpl.AcquistoImplementationTest - Creo un nuovo driver
2024-06-03 10:29:36.754 [main] INFO  it.smartpaper.BookStoreImpl.AcquistoImplementationTest - Driver creato correttamente
2024-06-03 10:29:46.459 [main] INFO  it.smartpaper.BookStoreImpl.AcquistoImplementationTest - Inserisco dati per il login dell'account
2024-06-03 10:29:52.060 [main] INFO  it.smartpaper.BookStoreImpl.AcquistoImplementationTest - Nome utente : AmiciNi
2024-06-03 10:31:10.529 [main] INFO  it.smartpaper.BookStoreImpl.AcquistoImplementationTest - ________________________________________
2024-06-03 10:31:10.534 [main] INFO  it.smartpaper.BookStoreImpl.AcquistoImplementationTest - Creo un nuovo driver
2024-06-03 10:31:13.964 [main] INFO  it.smartpaper.BookStoreImpl.AcquistoImplementationTest - Driver creato correttamente
2024-06-03 10:31:24.144 [main] INFO  it.smartpaper.BookStoreImpl.AcquistoImplementationTest - Inserisco dati per il login dell'account
2024-06-03 10:31:29.961 [main] INFO  it.smartpaper.BookStoreImpl.AcquistoImplementationTest - Nome utente : AmiciNi
2024-06-03 10:32:47.013 [main] INFO  it.smartpaper.BookStoreImpl.AcquistoImplementationTest - ________________________________________
2024-06-03 10:32:47.018 [main] INFO  it.smartpaper.BookStoreImpl.AcquistoImplementationTest - Creo un nuovo driver
2024-06-03 10:32:50.419 [main] INFO  it.smartpaper.BookStoreImpl.AcquistoImplementationTest - Driver creato correttamente
2024-06-03 10:32:59.257 [main] INFO  it.smartpaper.BookStoreImpl.AcquistoImplementationTest - Inserisco dati per il login dell'account
2024-06-03 10:32:59.587 [main] INFO  it.smartpaper.BookStoreImpl.AcquistoImplementationTest - Nome utente : AmiciNi
2024-06-03 10:32:59.713 [main] INFO  it.smartpaper.BookStoreImpl.AcquistoImplementationTest - Apri la pagina
2024-06-03 10:33:02.170 [main] INFO  it.smartpaper.BookStoreImpl.AcquistoImplementationTest - Apri la pagina
2024-06-03 10:34:14.249 [main] INFO  it.smartpaper.BookStoreImpl.AcquistoImplementationTest - ________________________________________
2024-06-03 10:34:14.255 [main] INFO  it.smartpaper.BookStoreImpl.AcquistoImplementationTest - Creo un nuovo driver
2024-06-03 10:34:17.700 [main] INFO  it.smartpaper.BookStoreImpl.AcquistoImplementationTest - Driver creato correttamente
2024-06-03 10:34:22.413 [main] INFO  it.smartpaper.BookStoreImpl.AcquistoImplementationTest - Inserisco dati per il login dell'account
2024-06-03 10:34:22.719 [main] INFO  it.smartpaper.BookStoreImpl.AcquistoImplementationTest - Nome utente : AmiciNi
2024-06-03 10:34:38.241 [main] INFO  it.smartpaper.BookStoreImpl.AcquistoImplementationTest - Il bottone 'Login' è ancora visibile sulla pagina.
2024-06-03 10:34:42.293 [main] INFO  it.smartpaper.BookStoreImpl.AcquistoImplementationTest - Il testo corrisponde a :Invalid username or password!
2024-06-03 10:34:47.734 [main] INFO  it.smartpaper.BookStoreImpl.AcquistoImplementationTest - Il bottone 'Login' è visibile e il bottone 'Log out' non è visibile sulla pagina.
2024-06-03 10:35:51.629 [main] INFO  it.smartpaper.BookStoreImpl.AcquistoImplementationTest - ________________________________________
2024-06-03 10:35:51.633 [main] INFO  it.smartpaper.BookStoreImpl.AcquistoImplementationTest - Creo un nuovo driver
2024-06-03 10:35:54.755 [main] INFO  it.smartpaper.BookStoreImpl.AcquistoImplementationTest - Driver creato correttamente
2024-06-03 10:35:58.522 [main] INFO  it.smartpaper.BookStoreImpl.AcquistoImplementationTest - Inserisco dati per il login dell'account
2024-06-03 10:35:58.809 [main] INFO  it.smartpaper.BookStoreImpl.AcquistoImplementationTest - Nome utente : AmiciNi
2024-06-03 10:36:00.531 [main] INFO  it.smartpaper.BookStoreImpl.AcquistoImplementationTest - Il bottone 'Login' è ancora visibile sulla pagina.
2024-06-03 10:36:00.569 [main] INFO  it.smartpaper.BookStoreImpl.AcquistoImplementationTest - Il testo corrisponde a :Invalid username or password!
2024-06-03 10:36:00.628 [main] INFO  it.smartpaper.BookStoreImpl.AcquistoImplementationTest - Il bottone 'Login' è visibile e il bottone 'Log out' non è visibile sulla pagina.
2024-06-03 10:36:00.642 [main] INFO  it.smartpaper.BookStoreImpl.AcquistoImplementationTest - Apri la pagina
2024-06-03 10:36:01.716 [main] INFO  it.smartpaper.BookStoreImpl.AcquistoImplementationTest - Apri la pagina
2024-06-03 10:36:12.898 [main] INFO  it.smartpaper.BookStoreImpl.AcquistoImplementationTest - ________________________________________
2024-06-03 10:36:12.904 [main] INFO  it.smartpaper.BookStoreImpl.AcquistoImplementationTest - Creo un nuovo driver
2024-06-03 10:36:16.234 [main] INFO  it.smartpaper.BookStoreImpl.AcquistoImplementationTest - Driver creato correttamente
2024-06-03 10:36:22.887 [main] INFO  it.smartpaper.BookStoreImpl.AcquistoImplementationTest - Inserisco dati per il login dell'account
2024-06-03 10:36:23.156 [main] INFO  it.smartpaper.BookStoreImpl.AcquistoImplementationTest - Nome utente : AmiciNi
2024-06-03 10:36:24.327 [main] INFO  it.smartpaper.BookStoreImpl.AcquistoImplementationTest - Apri la pagina
2024-06-03 10:37:45.346 [main] INFO  it.smartpaper.BookStoreImpl.AcquistoImplementationTest - ________________________________________
2024-06-03 10:37:45.351 [main] INFO  it.smartpaper.BookStoreImpl.AcquistoImplementationTest - Creo un nuovo driver
2024-06-03 10:37:48.688 [main] INFO  it.smartpaper.BookStoreImpl.AcquistoImplementationTest - Driver creato correttamente
2024-06-03 10:37:52.263 [main] INFO  it.smartpaper.BookStoreImpl.AcquistoImplementationTest - Inserisco dati per il login dell'account
2024-06-03 10:37:52.557 [main] INFO  it.smartpaper.BookStoreImpl.AcquistoImplementationTest - Nome utente : AmiciNi
2024-06-03 10:37:54.280 [main] INFO  it.smartpaper.BookStoreImpl.AcquistoImplementationTest - Il bottone 'Login' è ancora visibile sulla pagina.
2024-06-03 10:37:54.323 [main] INFO  it.smartpaper.BookStoreImpl.AcquistoImplementationTest - Il testo corrisponde a :Invalid username or password!
2024-06-03 10:37:54.381 [main] INFO  it.smartpaper.BookStoreImpl.AcquistoImplementationTest - Il bottone 'Login' è visibile e il bottone 'Log out' non è visibile sulla pagina.
2024-06-03 10:37:54.397 [main] INFO  it.smartpaper.BookStoreImpl.AcquistoImplementationTest - Apri la pagina
2024-06-03 10:41:18.004 [main] INFO  it.smartpaper.BookStoreImpl.AcquistoImplementationTest - ________________________________________
2024-06-03 10:41:18.009 [main] INFO  it.smartpaper.BookStoreImpl.AcquistoImplementationTest - Creo un nuovo driver
2024-06-03 10:41:21.403 [main] INFO  it.smartpaper.BookStoreImpl.AcquistoImplementationTest - Driver creato correttamente
2024-06-03 10:41:24.916 [main] INFO  it.smartpaper.BookStoreImpl.AcquistoImplementationTest - Inserisco dati per il login dell'account
2024-06-03 10:41:25.194 [main] INFO  it.smartpaper.BookStoreImpl.AcquistoImplementationTest - Nome utente : AmiciNi
2024-06-03 10:41:26.365 [main] INFO  it.smartpaper.BookStoreImpl.AcquistoImplementationTest - Apri la pagina
2024-06-03 10:42:53.589 [main] INFO  it.smartpaper.BookStoreImpl.AcquistoImplementationTest - ________________________________________
2024-06-03 10:42:53.595 [main] INFO  it.smartpaper.BookStoreImpl.AcquistoImplementationTest - Creo un nuovo driver
2024-06-03 10:42:56.871 [main] INFO  it.smartpaper.BookStoreImpl.AcquistoImplementationTest - Driver creato correttamente
2024-06-03 10:43:06.583 [main] INFO  it.smartpaper.BookStoreImpl.AcquistoImplementationTest - Inserisco dati per il login dell'account
2024-06-03 10:43:06.924 [main] INFO  it.smartpaper.BookStoreImpl.AcquistoImplementationTest - Nome utente : AmiciNi
2024-06-03 10:43:08.760 [main] INFO  it.smartpaper.BookStoreImpl.AcquistoImplementationTest - Il bottone 'Login' è ancora visibile sulla pagina.
2024-06-03 10:43:08.825 [main] INFO  it.smartpaper.BookStoreImpl.AcquistoImplementationTest - Il testo corrisponde a :Invalid username or password!
2024-06-03 10:43:08.899 [main] INFO  it.smartpaper.BookStoreImpl.AcquistoImplementationTest - Il bottone 'Login' è visibile e il bottone 'Log out' non è visibile sulla pagina.
2024-06-03 10:43:08.915 [main] INFO  it.smartpaper.BookStoreImpl.AcquistoImplementationTest - Apri la pagina
2024-06-03 10:43:10.855 [main] INFO  it.smartpaper.BookStoreImpl.AcquistoImplementationTest - Apri la pagina
2024-06-03 10:43:44.650 [main] INFO  it.smartpaper.BookStoreImpl.AcquistoImplementationTest - ________________________________________
2024-06-03 10:43:44.656 [main] INFO  it.smartpaper.BookStoreImpl.AcquistoImplementationTest - Creo un nuovo driver
2024-06-03 10:43:48.086 [main] INFO  it.smartpaper.BookStoreImpl.AcquistoImplementationTest - Driver creato correttamente
2024-06-03 10:43:53.546 [main] INFO  it.smartpaper.BookStoreImpl.AcquistoImplementationTest - Inserisco dati per il login dell'account
2024-06-03 10:43:53.826 [main] INFO  it.smartpaper.BookStoreImpl.AcquistoImplementationTest - Nome utente : AmiciNi
2024-06-03 10:43:54.530 [main] INFO  it.smartpaper.BookStoreImpl.AcquistoImplementationTest - Il bottone 'Login' è ancora visibile sulla pagina.
2024-06-03 10:43:54.568 [main] INFO  it.smartpaper.BookStoreImpl.AcquistoImplementationTest - Il testo corrisponde a :Invalid username or password!
2024-06-03 10:43:54.628 [main] INFO  it.smartpaper.BookStoreImpl.AcquistoImplementationTest - Il bottone 'Login' è visibile e il bottone 'Log out' non è visibile sulla pagina.
2024-06-03 10:43:54.642 [main] INFO  it.smartpaper.BookStoreImpl.AcquistoImplementationTest - Apri la pagina
2024-06-03 10:45:00.655 [main] INFO  it.smartpaper.BookStoreImpl.AcquistoImplementationTest - ________________________________________
2024-06-03 10:45:00.661 [main] INFO  it.smartpaper.BookStoreImpl.AcquistoImplementationTest - Creo un nuovo driver
2024-06-03 10:45:04.309 [main] INFO  it.smartpaper.BookStoreImpl.AcquistoImplementationTest - Driver creato correttamente
2024-06-03 10:45:10.470 [main] INFO  it.smartpaper.BookStoreImpl.AcquistoImplementationTest - Inserisco dati per il login dell'account
2024-06-03 10:45:10.747 [main] INFO  it.smartpaper.BookStoreImpl.AcquistoImplementationTest - Nome utente : AmiciNi
2024-06-03 10:45:12.506 [main] INFO  it.smartpaper.BookStoreImpl.AcquistoImplementationTest - Il bottone 'Login' è ancora visibile sulla pagina.
2024-06-03 10:45:12.550 [main] INFO  it.smartpaper.BookStoreImpl.AcquistoImplementationTest - Il testo corrisponde a :Invalid username or password!
2024-06-03 10:45:12.616 [main] INFO  it.smartpaper.BookStoreImpl.AcquistoImplementationTest - Il bottone 'Login' è visibile e il bottone 'Log out' non è visibile sulla pagina.
2024-06-03 10:45:12.631 [main] INFO  it.smartpaper.BookStoreImpl.AcquistoImplementationTest - Apri la pagina
2024-06-03 10:45:26.091 [main] INFO  it.smartpaper.BookStoreImpl.AcquistoImplementationTest - Verifico che l'url cambia dopo il click
2024-06-03 10:45:29.541 [main] INFO  it.smartpaper.BookStoreImpl.AcquistoImplementationTest - L'url è stato modificato correttamente
2024-06-03 10:45:31.050 [main] INFO  it.smartpaper.BookStoreImpl.AcquistoImplementationTest - Eseguo il click su Register
2024-06-03 10:46:41.774 [main] INFO  it.smartpaper.BookStoreImpl.AcquistoImplementationTest - ________________________________________
2024-06-03 10:46:41.780 [main] INFO  it.smartpaper.BookStoreImpl.AcquistoImplementationTest - Creo un nuovo driver
2024-06-03 10:46:45.214 [main] INFO  it.smartpaper.BookStoreImpl.AcquistoImplementationTest - Driver creato correttamente
2024-06-03 10:46:50.418 [main] INFO  it.smartpaper.BookStoreImpl.AcquistoImplementationTest - Inserisco dati per il login dell'account
2024-06-03 10:46:50.724 [main] INFO  it.smartpaper.BookStoreImpl.AcquistoImplementationTest - Nome utente : AmiciNi
2024-06-03 10:46:52.471 [main] INFO  it.smartpaper.BookStoreImpl.AcquistoImplementationTest - Il bottone 'Login' è ancora visibile sulla pagina.
2024-06-03 10:46:52.514 [main] INFO  it.smartpaper.BookStoreImpl.AcquistoImplementationTest - Il testo corrisponde a :Invalid username or password!
2024-06-03 10:46:52.579 [main] INFO  it.smartpaper.BookStoreImpl.AcquistoImplementationTest - Il bottone 'Login' è visibile e il bottone 'Log out' non è visibile sulla pagina.
2024-06-03 10:46:52.593 [main] INFO  it.smartpaper.BookStoreImpl.AcquistoImplementationTest - Apri la pagina
2024-06-03 10:47:36.375 [main] INFO  it.smartpaper.BookStoreImpl.AcquistoImplementationTest - ________________________________________
2024-06-03 10:47:36.380 [main] INFO  it.smartpaper.BookStoreImpl.AcquistoImplementationTest - Creo un nuovo driver
2024-06-03 10:47:39.839 [main] INFO  it.smartpaper.BookStoreImpl.AcquistoImplementationTest - Driver creato correttamente
2024-06-03 10:47:43.047 [main] INFO  it.smartpaper.BookStoreImpl.AcquistoImplementationTest - Inserisco dati per il login dell'account
2024-06-03 10:47:43.307 [main] INFO  it.smartpaper.BookStoreImpl.AcquistoImplementationTest - Nome utente : AmiciNi
2024-06-03 10:47:44.526 [main] INFO  it.smartpaper.BookStoreImpl.AcquistoImplementationTest - Il bottone 'Login' è ancora visibile sulla pagina.
2024-06-03 10:47:44.564 [main] INFO  it.smartpaper.BookStoreImpl.AcquistoImplementationTest - Il testo corrisponde a :Invalid username or password!
2024-06-03 10:47:44.627 [main] INFO  it.smartpaper.BookStoreImpl.AcquistoImplementationTest - Il bottone 'Login' è visibile e il bottone 'Log out' non è visibile sulla pagina.
2024-06-03 10:47:44.642 [main] INFO  it.smartpaper.BookStoreImpl.AcquistoImplementationTest - Apri la pagina
2024-06-03 10:47:54.445 [main] INFO  it.smartpaper.BookStoreImpl.AcquistoImplementationTest - Verifico che l'url cambia dopo il click
2024-06-03 10:47:56.814 [main] INFO  it.smartpaper.BookStoreImpl.AcquistoImplementationTest - L'url è stato modificato correttamente
2024-06-03 10:47:57.655 [main] INFO  it.smartpaper.BookStoreImpl.AcquistoImplementationTest - Eseguo il click su Register
2024-06-03 10:48:56.215 [main] INFO  it.smartpaper.BookStoreImpl.AcquistoImplementationTest - ________________________________________
2024-06-03 10:48:56.222 [main] INFO  it.smartpaper.BookStoreImpl.AcquistoImplementationTest - Creo un nuovo driver
2024-06-03 10:48:59.604 [main] INFO  it.smartpaper.BookStoreImpl.AcquistoImplementationTest - Driver creato correttamente
2024-06-03 10:48:59.622 [main] INFO  it.smartpaper.BookStoreImpl.AcquistoImplementationTest - Apri la pagina
2024-06-03 10:49:06.284 [main] INFO  it.smartpaper.BookStoreImpl.AcquistoImplementationTest - Verifico che l'url cambia dopo il click
2024-06-03 10:49:21.021 [main] INFO  it.smartpaper.BookStoreImpl.AcquistoImplementationTest - L'url è stato modificato correttamente
2024-06-03 10:49:22.138 [main] INFO  it.smartpaper.BookStoreImpl.AcquistoImplementationTest - Eseguo il click su Register
2024-06-03 10:50:40.363 [main] INFO  it.smartpaper.BookStoreImpl.AcquistoImplementationTest - ________________________________________
2024-06-03 10:50:40.369 [main] INFO  it.smartpaper.BookStoreImpl.AcquistoImplementationTest - Creo un nuovo driver
2024-06-03 10:50:43.753 [main] INFO  it.smartpaper.BookStoreImpl.AcquistoImplementationTest - Driver creato correttamente
2024-06-03 10:50:43.771 [main] INFO  it.smartpaper.BookStoreImpl.AcquistoImplementationTest - Apri la pagina
2024-06-03 10:50:44.311 [main] INFO  it.smartpaper.BookStoreImpl.AcquistoImplementationTest - Verifico che l'url cambia dopo il click
2024-06-03 10:51:03.719 [main] INFO  it.smartpaper.BookStoreImpl.AcquistoImplementationTest - ________________________________________
2024-06-03 10:51:03.726 [main] INFO  it.smartpaper.BookStoreImpl.AcquistoImplementationTest - Creo un nuovo driver
2024-06-03 10:51:07.143 [main] INFO  it.smartpaper.BookStoreImpl.AcquistoImplementationTest - Driver creato correttamente
2024-06-03 10:51:07.162 [main] INFO  it.smartpaper.BookStoreImpl.AcquistoImplementationTest - Apri la pagina
2024-06-03 10:51:16.235 [main] INFO  it.smartpaper.BookStoreImpl.AcquistoImplementationTest - Verifico che l'url cambia dopo il click
2024-06-03 10:51:20.182 [main] INFO  it.smartpaper.BookStoreImpl.AcquistoImplementationTest - L'url è stato modificato correttamente
2024-06-03 10:51:22.213 [main] INFO  it.smartpaper.BookStoreImpl.AcquistoImplementationTest - Eseguo il click su Register
2024-06-03 10:56:06.325 [main] INFO  it.smartpaper.BookStoreImpl.AcquistoImplementationTest - ________________________________________
2024-06-03 10:56:06.330 [main] INFO  it.smartpaper.BookStoreImpl.AcquistoImplementationTest - Creo un nuovo driver
2024-06-03 10:56:09.709 [main] INFO  it.smartpaper.BookStoreImpl.AcquistoImplementationTest - Driver creato correttamente
2024-06-03 10:56:14.667 [main] INFO  it.smartpaper.BookStoreImpl.AcquistoImplementationTest - Inserisco dati per il login dell'account
2024-06-03 10:56:14.923 [main] INFO  it.smartpaper.BookStoreImpl.AcquistoImplementationTest - Nome utente : AmiciNi
2024-06-03 10:56:16.143 [main] INFO  it.smartpaper.BookStoreImpl.AcquistoImplementationTest - Il bottone 'Login' è ancora visibile sulla pagina.
2024-06-03 10:56:16.184 [main] INFO  it.smartpaper.BookStoreImpl.AcquistoImplementationTest - Il testo corrisponde a :Invalid username or password!
2024-06-03 10:56:16.246 [main] INFO  it.smartpaper.BookStoreImpl.AcquistoImplementationTest - Il bottone 'Login' è visibile e il bottone 'Log out' non è visibile sulla pagina.
2024-06-03 10:56:16.268 [main] INFO  it.smartpaper.BookStoreImpl.AcquistoImplementationTest - Apri la pagina
2024-06-03 10:56:20.258 [main] INFO  it.smartpaper.BookStoreImpl.AcquistoImplementationTest - Verifico che l'url cambia dopo il click
2024-06-03 10:56:49.706 [main] INFO  it.smartpaper.BookStoreImpl.AcquistoImplementationTest - ________________________________________
2024-06-03 10:56:49.711 [main] INFO  it.smartpaper.BookStoreImpl.AcquistoImplementationTest - Creo un nuovo driver
2024-06-03 10:56:53.146 [main] INFO  it.smartpaper.BookStoreImpl.AcquistoImplementationTest - Driver creato correttamente
2024-06-03 10:56:58.414 [main] INFO  it.smartpaper.BookStoreImpl.AcquistoImplementationTest - Inserisco dati per il login dell'account
2024-06-03 10:56:58.732 [main] INFO  it.smartpaper.BookStoreImpl.AcquistoImplementationTest - Nome utente : AmiciNi
2024-06-03 10:56:59.952 [main] INFO  it.smartpaper.BookStoreImpl.AcquistoImplementationTest - Il bottone 'Login' è ancora visibile sulla pagina.
2024-06-03 10:56:59.990 [main] INFO  it.smartpaper.BookStoreImpl.AcquistoImplementationTest - Il testo corrisponde a :Invalid username or password!
2024-06-03 10:57:00.053 [main] INFO  it.smartpaper.BookStoreImpl.AcquistoImplementationTest - Il bottone 'Login' è visibile e il bottone 'Log out' non è visibile sulla pagina.
2024-06-03 10:57:00.066 [main] INFO  it.smartpaper.BookStoreImpl.AcquistoImplementationTest - Apri la pagina
2024-06-03 10:57:01.891 [main] INFO  it.smartpaper.BookStoreImpl.AcquistoImplementationTest - Verifico che l'url cambia dopo il click
2024-06-03 10:57:08.204 [main] INFO  it.smartpaper.BookStoreImpl.AcquistoImplementationTest - L'url è stato modificato correttamente
2024-06-03 10:57:10.098 [main] INFO  it.smartpaper.BookStoreImpl.AcquistoImplementationTest - Eseguo il click su Register
2024-06-03 10:58:33.405 [main] INFO  it.smartpaper.BookStoreImpl.AcquistoImplementationTest - ________________________________________
2024-06-03 10:58:33.411 [main] INFO  it.smartpaper.BookStoreImpl.AcquistoImplementationTest - Creo un nuovo driver
2024-06-03 10:58:36.792 [main] INFO  it.smartpaper.BookStoreImpl.AcquistoImplementationTest - Driver creato correttamente
2024-06-03 10:58:40.256 [main] INFO  it.smartpaper.BookStoreImpl.AcquistoImplementationTest - Inserisco dati per il login dell'account
2024-06-03 10:58:41.002 [main] INFO  it.smartpaper.BookStoreImpl.AcquistoImplementationTest - Nome utente : AmiciNi
2024-06-03 10:58:41.714 [main] INFO  it.smartpaper.BookStoreImpl.AcquistoImplementationTest - Il bottone 'Login' è ancora visibile sulla pagina.
2024-06-03 10:58:41.755 [main] INFO  it.smartpaper.BookStoreImpl.AcquistoImplementationTest - Il testo corrisponde a :Invalid username or password!
2024-06-03 10:58:41.820 [main] INFO  it.smartpaper.BookStoreImpl.AcquistoImplementationTest - Il bottone 'Login' è visibile e il bottone 'Log out' non è visibile sulla pagina.
2024-06-03 10:58:41.836 [main] INFO  it.smartpaper.BookStoreImpl.AcquistoImplementationTest - Apri la pagina
2024-06-03 10:58:44.400 [main] INFO  it.smartpaper.BookStoreImpl.AcquistoImplementationTest - Verifico che l'url cambia dopo il click
2024-06-03 10:58:44.411 [main] INFO  it.smartpaper.BookStoreImpl.AcquistoImplementationTest - L'url è stato modificato correttamente
2024-06-03 10:58:53.722 [main] INFO  it.smartpaper.BookStoreImpl.AcquistoImplementationTest - Eseguo il click su Register
2024-06-03 11:00:10.007 [main] INFO  it.smartpaper.BookStoreImpl.AcquistoImplementationTest - ________________________________________
2024-06-03 11:00:10.014 [main] INFO  it.smartpaper.BookStoreImpl.AcquistoImplementationTest - Creo un nuovo driver
2024-06-03 11:00:13.394 [main] INFO  it.smartpaper.BookStoreImpl.AcquistoImplementationTest - Driver creato correttamente
2024-06-03 11:00:19.306 [main] INFO  it.smartpaper.BookStoreImpl.AcquistoImplementationTest - Inserisco dati per il login dell'account
2024-06-03 11:00:19.733 [main] INFO  it.smartpaper.BookStoreImpl.AcquistoImplementationTest - Nome utente : AmiciNi
2024-06-03 11:00:21.083 [main] INFO  it.smartpaper.BookStoreImpl.AcquistoImplementationTest - Il bottone 'Login' è ancora visibile sulla pagina.
2024-06-03 11:00:21.127 [main] INFO  it.smartpaper.BookStoreImpl.AcquistoImplementationTest - Il testo corrisponde a :Invalid username or password!
2024-06-03 11:00:21.193 [main] INFO  it.smartpaper.BookStoreImpl.AcquistoImplementationTest - Il bottone 'Login' è visibile e il bottone 'Log out' non è visibile sulla pagina.
2024-06-03 11:00:21.211 [main] INFO  it.smartpaper.BookStoreImpl.AcquistoImplementationTest - Apri la pagina
2024-06-03 11:00:23.278 [main] INFO  it.smartpaper.BookStoreImpl.AcquistoImplementationTest - Verifico che l'url cambia dopo il click
2024-06-03 11:00:23.292 [main] INFO  it.smartpaper.BookStoreImpl.AcquistoImplementationTest - L'url è stato modificato correttamente
2024-06-03 11:00:29.461 [main] INFO  it.smartpaper.BookStoreImpl.AcquistoImplementationTest - Eseguo il click su Register
2024-06-03 11:02:06.986 [main] INFO  it.smartpaper.BookStoreImpl.AcquistoImplementationTest - ________________________________________
2024-06-03 11:02:06.992 [main] INFO  it.smartpaper.BookStoreImpl.AcquistoImplementationTest - Creo un nuovo driver
2024-06-03 11:02:11.270 [main] INFO  it.smartpaper.BookStoreImpl.AcquistoImplementationTest - Driver creato correttamente
2024-06-03 11:02:18.165 [main] INFO  it.smartpaper.BookStoreImpl.AcquistoImplementationTest - Inserisco dati per il login dell'account
2024-06-03 11:02:18.480 [main] INFO  it.smartpaper.BookStoreImpl.AcquistoImplementationTest - Nome utente : AmiciNi
2024-06-03 11:02:19.699 [main] INFO  it.smartpaper.BookStoreImpl.AcquistoImplementationTest - Il bottone 'Login' è ancora visibile sulla pagina.
2024-06-03 11:02:19.740 [main] INFO  it.smartpaper.BookStoreImpl.AcquistoImplementationTest - Il testo corrisponde a :Invalid username or password!
2024-06-03 11:02:19.799 [main] INFO  it.smartpaper.BookStoreImpl.AcquistoImplementationTest - Il bottone 'Login' è visibile e il bottone 'Log out' non è visibile sulla pagina.
2024-06-03 11:02:19.814 [main] INFO  it.smartpaper.BookStoreImpl.AcquistoImplementationTest - Apri la pagina
2024-06-03 11:02:23.401 [main] INFO  it.smartpaper.BookStoreImpl.AcquistoImplementationTest - Verifico che l'url cambia dopo il click
2024-06-03 11:02:23.412 [main] INFO  it.smartpaper.BookStoreImpl.AcquistoImplementationTest - L'url è stato modificato correttamente
2024-06-03 11:02:23.413 [main] INFO  it.smartpaper.BookStoreImpl.AcquistoImplementationTest - Eseguo il click su Register
2024-06-03 11:03:45.459 [main] INFO  it.smartpaper.BookStoreImpl.AcquistoImplementationTest - ________________________________________
2024-06-03 11:03:45.464 [main] INFO  it.smartpaper.BookStoreImpl.AcquistoImplementationTest - Creo un nuovo driver
2024-06-03 11:03:48.775 [main] INFO  it.smartpaper.BookStoreImpl.AcquistoImplementationTest - Driver creato correttamente
2024-06-03 11:03:53.217 [main] INFO  it.smartpaper.BookStoreImpl.AcquistoImplementationTest - Inserisco dati per il login dell'account
2024-06-03 11:03:53.520 [main] INFO  it.smartpaper.BookStoreImpl.AcquistoImplementationTest - Nome utente : AmiciNi
2024-06-03 11:04:03.968 [main] INFO  it.smartpaper.BookStoreImpl.AcquistoImplementationTest - Apri la pagina
2024-06-03 11:04:04.508 [main] INFO  it.smartpaper.BookStoreImpl.AcquistoImplementationTest - Apri la pagina
2024-06-03 11:04:14.139 [main] INFO  it.smartpaper.BookStoreImpl.AcquistoImplementationTest - ________________________________________
2024-06-03 11:04:14.144 [main] INFO  it.smartpaper.BookStoreImpl.AcquistoImplementationTest - Creo un nuovo driver
2024-06-03 11:04:17.493 [main] INFO  it.smartpaper.BookStoreImpl.AcquistoImplementationTest - Driver creato correttamente
2024-06-03 11:04:20.511 [main] INFO  it.smartpaper.BookStoreImpl.AcquistoImplementationTest - Inserisco dati per il login dell'account
2024-06-03 11:04:20.779 [main] INFO  it.smartpaper.BookStoreImpl.AcquistoImplementationTest - Nome utente : AmiciNi
2024-06-03 11:04:22.045 [main] INFO  it.smartpaper.BookStoreImpl.AcquistoImplementationTest - Il bottone 'Login' è ancora visibile sulla pagina.
2024-06-03 11:04:22.082 [main] INFO  it.smartpaper.BookStoreImpl.AcquistoImplementationTest - Il testo corrisponde a :Invalid username or password!
2024-06-03 11:04:22.145 [main] INFO  it.smartpaper.BookStoreImpl.AcquistoImplementationTest - Il bottone 'Login' è visibile e il bottone 'Log out' non è visibile sulla pagina.
2024-06-03 11:04:22.161 [main] INFO  it.smartpaper.BookStoreImpl.AcquistoImplementationTest - Apri la pagina
2024-06-03 11:04:25.267 [main] INFO  it.smartpaper.BookStoreImpl.AcquistoImplementationTest - Verifico che l'url cambia dopo il click
2024-06-03 11:04:25.276 [main] INFO  it.smartpaper.BookStoreImpl.AcquistoImplementationTest - L'url è stato modificato correttamente
2024-06-03 11:04:25.277 [main] INFO  it.smartpaper.BookStoreImpl.AcquistoImplementationTest - Eseguo il click su Register
2024-06-03 11:39:22.404 [main] INFO  it.smartpaper.BookStoreImpl.AcquistoImplementationTest - ________________________________________
2024-06-03 11:39:22.409 [main] INFO  it.smartpaper.BookStoreImpl.AcquistoImplementationTest - Creo un nuovo driver
2024-06-03 11:39:27.245 [main] INFO  it.smartpaper.BookStoreImpl.AcquistoImplementationTest - Driver creato correttamente
2024-06-03 11:39:31.988 [main] INFO  it.smartpaper.BookStoreImpl.AcquistoImplementationTest - Inserisco dati per il login dell'account
2024-06-03 11:39:32.343 [main] INFO  it.smartpaper.BookStoreImpl.AcquistoImplementationTest - Nome utente : AmiciNi
2024-06-03 11:39:33.510 [main] INFO  it.smartpaper.BookStoreImpl.AcquistoImplementationTest - Apri la pagina
2024-06-03 11:39:37.382 [main] INFO  it.smartpaper.BookStoreImpl.AcquistoImplementationTest - Verifico che l'url cambia dopo il click
2024-06-03 11:39:37.401 [main] INFO  it.smartpaper.BookStoreImpl.AcquistoImplementationTest - L'url è stato modificato correttamente
2024-06-03 11:39:37.401 [main] INFO  it.smartpaper.BookStoreImpl.AcquistoImplementationTest - Eseguo il click su Register
2024-06-03 11:40:04.666 [main] INFO  it.smartpaper.BookStoreImpl.AcquistoImplementationTest - Apri la pagina
2024-06-03 11:43:02.715 [main] INFO  it.smartpaper.BookStoreImpl.AcquistoImplementationTest - ________________________________________
2024-06-03 11:43:02.722 [main] INFO  it.smartpaper.BookStoreImpl.AcquistoImplementationTest - Creo un nuovo driver
2024-06-03 11:43:06.117 [main] INFO  it.smartpaper.BookStoreImpl.AcquistoImplementationTest - Driver creato correttamente
2024-06-03 11:43:09.095 [main] INFO  it.smartpaper.BookStoreImpl.AcquistoImplementationTest - Inserisco dati per il login dell'account
2024-06-03 11:43:09.419 [main] INFO  it.smartpaper.BookStoreImpl.AcquistoImplementationTest - Nome utente : AmiciNi
2024-06-03 11:43:10.551 [main] INFO  it.smartpaper.BookStoreImpl.AcquistoImplementationTest - Apri la pagina
2024-06-03 11:43:12.463 [main] INFO  it.smartpaper.BookStoreImpl.AcquistoImplementationTest - Verifico che l'url cambia dopo il click
2024-06-03 11:43:12.547 [main] INFO  it.smartpaper.BookStoreImpl.AcquistoImplementationTest - L'url è stato modificato correttamente
2024-06-03 11:43:12.548 [main] INFO  it.smartpaper.BookStoreImpl.AcquistoImplementationTest - Eseguo il click su Register
2024-06-03 11:50:36.848 [main] INFO  it.smartpaper.BookStoreImpl.AcquistoImplementationTest - ________________________________________
2024-06-03 11:50:36.855 [main] INFO  it.smartpaper.BookStoreImpl.AcquistoImplementationTest - Creo un nuovo driver
2024-06-03 11:50:40.388 [main] INFO  it.smartpaper.BookStoreImpl.AcquistoImplementationTest - Driver creato correttamente
2024-06-03 11:50:43.742 [main] INFO  it.smartpaper.BookStoreImpl.AcquistoImplementationTest - Inserisco dati per il login dell'account
2024-06-03 11:50:44.030 [main] INFO  it.smartpaper.BookStoreImpl.AcquistoImplementationTest - Nome utente : AmiciNi
2024-06-03 11:50:45.162 [main] INFO  it.smartpaper.BookStoreImpl.AcquistoImplementationTest - Apri la pagina
2024-06-03 11:50:47.427 [main] INFO  it.smartpaper.BookStoreImpl.AcquistoImplementationTest - Verifico che l'url cambia dopo il click
2024-06-03 11:50:47.443 [main] INFO  it.smartpaper.BookStoreImpl.AcquistoImplementationTest - L'url è stato modificato correttamente
2024-06-03 11:50:47.444 [main] INFO  it.smartpaper.BookStoreImpl.AcquistoImplementationTest - Eseguo il click su Register
2024-06-03 11:51:51.384 [main] INFO  it.smartpaper.BookStoreImpl.AcquistoImplementationTest - ________________________________________
2024-06-03 11:51:51.390 [main] INFO  it.smartpaper.BookStoreImpl.AcquistoImplementationTest - Creo un nuovo driver
2024-06-03 11:51:54.840 [main] INFO  it.smartpaper.BookStoreImpl.AcquistoImplementationTest - Driver creato correttamente
2024-06-03 11:51:54.857 [main] INFO  it.smartpaper.BookStoreImpl.AcquistoImplementationTest - Apri la pagina
2024-06-03 11:52:00.746 [main] INFO  it.smartpaper.BookStoreImpl.AcquistoImplementationTest - Verifico che l'url cambia dopo il click
2024-06-03 11:52:00.758 [main] INFO  it.smartpaper.BookStoreImpl.AcquistoImplementationTest - L'url è stato modificato correttamente
2024-06-03 11:52:00.758 [main] INFO  it.smartpaper.BookStoreImpl.AcquistoImplementationTest - Eseguo il click su Register
2024-06-03 11:52:29.755 [main] INFO  it.smartpaper.BookStoreImpl.AcquistoImplementationTest - Apri la pagina
2024-06-03 11:59:35.722 [main] INFO  it.smartpaper.BookStoreImpl.AcquistoImplementationTest - ________________________________________
2024-06-03 11:59:35.727 [main] INFO  it.smartpaper.BookStoreImpl.AcquistoImplementationTest - Creo un nuovo driver
2024-06-03 11:59:39.081 [main] INFO  it.smartpaper.BookStoreImpl.AcquistoImplementationTest - Driver creato correttamente
2024-06-03 12:00:38.630 [main] INFO  it.smartpaper.BookStoreImpl.AcquistoImplementationTest - ________________________________________
2024-06-03 12:00:38.636 [main] INFO  it.smartpaper.BookStoreImpl.AcquistoImplementationTest - Creo un nuovo driver
2024-06-03 12:03:11.159 [main] INFO  it.smartpaper.BookStoreImpl.AcquistoImplementationTest - Driver creato correttamente
2024-06-03 12:05:16.115 [main] INFO  it.smartpaper.BookStoreImpl.AcquistoImplementationTest - ________________________________________
2024-06-03 12:05:16.122 [main] INFO  it.smartpaper.BookStoreImpl.AcquistoImplementationTest - Creo un nuovo driver
2024-06-03 12:05:19.532 [main] INFO  it.smartpaper.BookStoreImpl.AcquistoImplementationTest - Driver creato correttamente
2024-06-03 12:05:34.784 [main] INFO  it.smartpaper.BookStoreImpl.AcquistoImplementationTest - Apri la pagina
2024-06-03 12:05:44.902 [main] INFO  it.smartpaper.BookStoreImpl.AcquistoImplementationTest - Verifico che l'url cambia dopo il click
2024-06-03 12:05:49.422 [main] INFO  it.smartpaper.BookStoreImpl.AcquistoImplementationTest - L'url è stato modificato correttamente
2024-06-03 12:05:50.603 [main] INFO  it.smartpaper.BookStoreImpl.AcquistoImplementationTest - Eseguo il click su Register
2024-06-03 12:06:02.542 [main] INFO  it.smartpaper.BookStoreImpl.AcquistoImplementationTest - Apri la pagina
2024-06-03 12:12:30.770 [main] INFO  it.smartpaper.BookStoreImpl.AcquistoImplementationTest - ________________________________________
2024-06-03 12:12:30.777 [main] INFO  it.smartpaper.BookStoreImpl.AcquistoImplementationTest - Creo un nuovo driver
2024-06-03 12:12:34.032 [main] INFO  it.smartpaper.BookStoreImpl.AcquistoImplementationTest - Driver creato correttamente
2024-06-03 12:12:34.051 [main] INFO  it.smartpaper.BookStoreImpl.AcquistoImplementationTest - Apri la pagina
2024-06-03 12:12:34.455 [main] INFO  it.smartpaper.BookStoreImpl.AcquistoImplementationTest - Verifico che l'url cambia dopo il click
2024-06-03 12:12:34.471 [main] INFO  it.smartpaper.BookStoreImpl.AcquistoImplementationTest - L'url è stato modificato correttamente
2024-06-03 12:12:34.471 [main] INFO  it.smartpaper.BookStoreImpl.AcquistoImplementationTest - Eseguo il click su Register
2024-06-03 12:12:45.935 [main] INFO  it.smartpaper.BookStoreImpl.AcquistoImplementationTest - ________________________________________
2024-06-03 12:12:45.943 [main] INFO  it.smartpaper.BookStoreImpl.AcquistoImplementationTest - Creo un nuovo driver
2024-06-03 12:12:49.163 [main] INFO  it.smartpaper.BookStoreImpl.AcquistoImplementationTest - Driver creato correttamente
2024-06-03 12:12:49.179 [main] INFO  it.smartpaper.BookStoreImpl.AcquistoImplementationTest - Apri la pagina
2024-06-03 12:12:57.389 [main] INFO  it.smartpaper.BookStoreImpl.AcquistoImplementationTest - Verifico che l'url cambia dopo il click
2024-06-03 12:12:57.400 [main] INFO  it.smartpaper.BookStoreImpl.AcquistoImplementationTest - L'url è stato modificato correttamente
2024-06-03 12:12:57.401 [main] INFO  it.smartpaper.BookStoreImpl.AcquistoImplementationTest - Eseguo il click su Register
2024-06-03 12:13:37.455 [main] INFO  it.smartpaper.BookStoreImpl.AcquistoImplementationTest - ________________________________________
2024-06-03 12:13:37.463 [main] INFO  it.smartpaper.BookStoreImpl.AcquistoImplementationTest - Creo un nuovo driver
2024-06-03 12:13:40.817 [main] INFO  it.smartpaper.BookStoreImpl.AcquistoImplementationTest - Driver creato correttamente
2024-06-03 12:13:40.836 [main] INFO  it.smartpaper.BookStoreImpl.AcquistoImplementationTest - Apri la pagina
2024-06-03 12:13:44.735 [main] INFO  it.smartpaper.BookStoreImpl.AcquistoImplementationTest - Verifico che l'url cambia dopo il click
2024-06-03 12:13:44.750 [main] INFO  it.smartpaper.BookStoreImpl.AcquistoImplementationTest - L'url è stato modificato correttamente
2024-06-03 12:13:44.750 [main] INFO  it.smartpaper.BookStoreImpl.AcquistoImplementationTest - Eseguo il click su Register
2024-06-03 12:27:29.525 [main] INFO  it.smartpaper.BookStoreImpl.AcquistoImplementationTest - ________________________________________
2024-06-03 12:27:29.532 [main] INFO  it.smartpaper.BookStoreImpl.AcquistoImplementationTest - Creo un nuovo driver
2024-06-03 12:27:33.007 [main] INFO  it.smartpaper.BookStoreImpl.AcquistoImplementationTest - Driver creato correttamente
2024-06-03 12:27:33.028 [main] INFO  it.smartpaper.BookStoreImpl.AcquistoImplementationTest - Apri la pagina
2024-06-03 12:27:41.207 [main] INFO  it.smartpaper.BookStoreImpl.AcquistoImplementationTest - Verifico che l'url cambia dopo il click
2024-06-03 12:27:41.220 [main] INFO  it.smartpaper.BookStoreImpl.AcquistoImplementationTest - L'url è stato modificato correttamente
2024-06-03 12:27:41.221 [main] INFO  it.smartpaper.BookStoreImpl.AcquistoImplementationTest - Eseguo il click su Register
2024-06-03 12:28:07.608 [main] INFO  it.smartpaper.BookStoreImpl.AcquistoImplementationTest - ________________________________________
2024-06-03 12:28:07.613 [main] INFO  it.smartpaper.BookStoreImpl.AcquistoImplementationTest - Creo un nuovo driver
2024-06-03 12:28:11.089 [main] INFO  it.smartpaper.BookStoreImpl.AcquistoImplementationTest - Driver creato correttamente
2024-06-03 12:28:11.107 [main] INFO  it.smartpaper.BookStoreImpl.AcquistoImplementationTest - Apri la pagina
2024-06-03 12:28:14.881 [main] INFO  it.smartpaper.BookStoreImpl.AcquistoImplementationTest - Verifico che l'url cambia dopo il click
2024-06-03 12:28:14.899 [main] INFO  it.smartpaper.BookStoreImpl.AcquistoImplementationTest - L'url è stato modificato correttamente
2024-06-03 12:28:14.899 [main] INFO  it.smartpaper.BookStoreImpl.AcquistoImplementationTest - Eseguo il click su Register
2024-06-03 12:29:07.002 [main] INFO  it.smartpaper.BookStoreImpl.AcquistoImplementationTest - ________________________________________
2024-06-03 12:29:07.009 [main] INFO  it.smartpaper.BookStoreImpl.AcquistoImplementationTest - Creo un nuovo driver
2024-06-03 12:29:10.217 [main] INFO  it.smartpaper.BookStoreImpl.AcquistoImplementationTest - Driver creato correttamente
2024-06-03 12:29:10.238 [main] INFO  it.smartpaper.BookStoreImpl.AcquistoImplementationTest - Apri la pagina
2024-06-03 12:29:13.908 [main] INFO  it.smartpaper.BookStoreImpl.AcquistoImplementationTest - Verifico che l'url cambia dopo il click
2024-06-03 12:29:13.921 [main] INFO  it.smartpaper.BookStoreImpl.AcquistoImplementationTest - L'url è stato modificato correttamente
2024-06-03 12:29:13.922 [main] INFO  it.smartpaper.BookStoreImpl.AcquistoImplementationTest - Eseguo il click su Register
2024-06-03 12:29:15.054 [main] INFO  it.smartpaper.BookStoreImpl.AcquistoImplementationTest - Apri la pagina
2024-06-03 12:30:11.792 [main] INFO  it.smartpaper.BookStoreImpl.AcquistoImplementationTest - ________________________________________
2024-06-03 12:30:11.797 [main] INFO  it.smartpaper.BookStoreImpl.AcquistoImplementationTest - Creo un nuovo driver
2024-06-03 12:30:15.018 [main] INFO  it.smartpaper.BookStoreImpl.AcquistoImplementationTest - Driver creato correttamente
2024-06-03 12:30:15.036 [main] INFO  it.smartpaper.BookStoreImpl.AcquistoImplementationTest - Apri la pagina
2024-06-03 12:30:20.273 [main] INFO  it.smartpaper.BookStoreImpl.AcquistoImplementationTest - Verifico che l'url cambia dopo il click
2024-06-03 12:30:20.288 [main] INFO  it.smartpaper.BookStoreImpl.AcquistoImplementationTest - L'url è stato modificato correttamente
2024-06-03 12:30:20.288 [main] INFO  it.smartpaper.BookStoreImpl.AcquistoImplementationTest - Eseguo il click su Register
2024-06-03 12:31:06.882 [main] INFO  it.smartpaper.BookStoreImpl.AcquistoImplementationTest - ________________________________________
2024-06-03 12:31:06.889 [main] INFO  it.smartpaper.BookStoreImpl.AcquistoImplementationTest - Creo un nuovo driver
2024-06-03 12:31:10.200 [main] INFO  it.smartpaper.BookStoreImpl.AcquistoImplementationTest - Driver creato correttamente
2024-06-03 12:31:10.216 [main] INFO  it.smartpaper.BookStoreImpl.AcquistoImplementationTest - Apri la pagina
2024-06-03 12:31:24.622 [main] INFO  it.smartpaper.BookStoreImpl.AcquistoImplementationTest - ________________________________________
2024-06-03 12:31:24.629 [main] INFO  it.smartpaper.BookStoreImpl.AcquistoImplementationTest - Creo un nuovo driver
2024-06-03 12:31:28.047 [main] INFO  it.smartpaper.BookStoreImpl.AcquistoImplementationTest - Driver creato correttamente
2024-06-03 12:31:39.596 [main] INFO  it.smartpaper.BookStoreImpl.AcquistoImplementationTest - Apri la pagina
2024-06-03 12:33:26.030 [main] INFO  it.smartpaper.BookStoreImpl.AcquistoImplementationTest - ________________________________________
2024-06-03 12:33:26.035 [main] INFO  it.smartpaper.BookStoreImpl.AcquistoImplementationTest - Creo un nuovo driver
2024-06-03 12:33:31.235 [main] INFO  it.smartpaper.BookStoreImpl.AcquistoImplementationTest - Driver creato correttamente
2024-06-03 12:33:43.837 [main] INFO  it.smartpaper.BookStoreImpl.AcquistoImplementationTest - Apri la pagina
2024-06-03 12:33:53.350 [main] INFO  it.smartpaper.BookStoreImpl.AcquistoImplementationTest - Verifico che l'url cambia dopo il click
2024-06-03 12:33:59.378 [main] INFO  it.smartpaper.BookStoreImpl.AcquistoImplementationTest - L'url è stato modificato correttamente
2024-06-03 12:34:01.146 [main] INFO  it.smartpaper.BookStoreImpl.AcquistoImplementationTest - Eseguo il click su Register
2024-06-03 12:34:29.080 [main] INFO  it.smartpaper.BookStoreImpl.AcquistoImplementationTest - ________________________________________
2024-06-03 12:34:29.086 [main] INFO  it.smartpaper.BookStoreImpl.AcquistoImplementationTest - Creo un nuovo driver
2024-06-03 12:34:32.466 [main] INFO  it.smartpaper.BookStoreImpl.AcquistoImplementationTest - Driver creato correttamente
2024-06-03 12:34:41.661 [main] INFO  it.smartpaper.BookStoreImpl.AcquistoImplementationTest - Apri la pagina
2024-06-03 12:34:50.900 [main] INFO  it.smartpaper.BookStoreImpl.AcquistoImplementationTest - Verifico che l'url cambia dopo il click
2024-06-03 12:34:54.815 [main] INFO  it.smartpaper.BookStoreImpl.AcquistoImplementationTest - L'url è stato modificato correttamente
2024-06-03 12:34:56.089 [main] INFO  it.smartpaper.BookStoreImpl.AcquistoImplementationTest - Eseguo il click su Register
2024-06-03 12:36:36.850 [main] INFO  it.smartpaper.BookStoreImpl.AcquistoImplementationTest - ________________________________________
2024-06-03 12:36:36.856 [main] INFO  it.smartpaper.BookStoreImpl.AcquistoImplementationTest - Creo un nuovo driver
2024-06-03 12:36:40.403 [main] INFO  it.smartpaper.BookStoreImpl.AcquistoImplementationTest - Driver creato correttamente
2024-06-03 12:36:51.759 [main] INFO  it.smartpaper.BookStoreImpl.AcquistoImplementationTest - ________________________________________
2024-06-03 12:36:51.765 [main] INFO  it.smartpaper.BookStoreImpl.AcquistoImplementationTest - Creo un nuovo driver
2024-06-03 12:36:55.275 [main] INFO  it.smartpaper.BookStoreImpl.AcquistoImplementationTest - Driver creato correttamente
2024-06-03 12:37:08.436 [main] INFO  it.smartpaper.BookStoreImpl.AcquistoImplementationTest - Apri la pagina
2024-06-03 12:37:15.426 [main] INFO  it.smartpaper.BookStoreImpl.AcquistoImplementationTest - Verifico che l'url cambia dopo il click
2024-06-03 12:37:22.076 [main] INFO  it.smartpaper.BookStoreImpl.AcquistoImplementationTest - L'url è stato modificato correttamente
2024-06-03 12:37:23.135 [main] INFO  it.smartpaper.BookStoreImpl.AcquistoImplementationTest - Eseguo il click su Register
2024-06-03 12:37:31.740 [main] INFO  it.smartpaper.BookStoreImpl.AcquistoImplementationTest - Il link della pagina aperta è lo stesso
2024-06-03 13:05:42.739 [main] INFO  it.smartpaper.BookStoreImpl.AcquistoImplementationTest - ________________________________________
2024-06-03 13:05:42.744 [main] INFO  it.smartpaper.BookStoreImpl.AcquistoImplementationTest - Creo un nuovo driver
2024-06-03 13:05:46.052 [main] INFO  it.smartpaper.BookStoreImpl.AcquistoImplementationTest - Driver creato correttamente
2024-06-03 13:05:46.068 [main] INFO  it.smartpaper.BookStoreImpl.AcquistoImplementationTest - Inizio test RegisterKOTest.
2024-06-03 13:05:46.078 [main] INFO  it.smartpaper.BookStoreImpl.AcquistoImplementationTest - URL iniziale: data:,
2024-06-03 13:05:46.107 [main] INFO  it.smartpaper.BookStoreImpl.AcquistoImplementationTest - Inizio test RegisterOKTest.
2024-06-03 13:05:46.116 [main] INFO  it.smartpaper.BookStoreImpl.AcquistoImplementationTest - URL iniziale: data:,
2024-06-03 13:06:21.581 [main] INFO  it.smartpaper.BookStoreImpl.AcquistoImplementationTest - ________________________________________
2024-06-03 13:06:21.585 [main] INFO  it.smartpaper.BookStoreImpl.AcquistoImplementationTest - Creo un nuovo driver
2024-06-03 13:06:24.910 [main] INFO  it.smartpaper.BookStoreImpl.AcquistoImplementationTest - Driver creato correttamente
2024-06-03 13:06:24.929 [main] INFO  it.smartpaper.BookStoreImpl.AcquistoImplementationTest - Inizio test RegisterKOTest.
2024-06-03 13:06:24.942 [main] INFO  it.smartpaper.BookStoreImpl.AcquistoImplementationTest - URL iniziale: data:,
2024-06-03 13:06:24.966 [main] INFO  it.smartpaper.BookStoreImpl.AcquistoImplementationTest - Inizio test RegisterOKTest.
2024-06-03 13:06:24.975 [main] INFO  it.smartpaper.BookStoreImpl.AcquistoImplementationTest - URL iniziale: data:,
2024-06-03 13:10:17.927 [main] INFO  it.smartpaper.BookStoreImpl.AcquistoImplementationTest - ________________________________________
2024-06-03 13:10:17.934 [main] INFO  it.smartpaper.BookStoreImpl.AcquistoImplementationTest - Creo un nuovo driver
2024-06-03 13:10:21.220 [main] INFO  it.smartpaper.BookStoreImpl.AcquistoImplementationTest - Driver creato correttamente
2024-06-03 13:10:21.235 [main] INFO  it.smartpaper.BookStoreImpl.AcquistoImplementationTest - Inizio test RegisterKOTest.
2024-06-03 13:10:27.527 [main] INFO  it.smartpaper.BookStoreImpl.AcquistoImplementationTest - URL iniziale: https://demoqa.com/books
2024-06-03 13:10:27.555 [main] INFO  it.smartpaper.BookStoreImpl.AcquistoImplementationTest - Inizio test RegisterOKTest.
2024-06-03 13:10:28.617 [main] INFO  it.smartpaper.BookStoreImpl.AcquistoImplementationTest - URL iniziale: https://demoqa.com/books
2024-06-03 13:13:51.705 [main] INFO  it.smartpaper.BookStoreImpl.AcquistoImplementationTest - ________________________________________
2024-06-03 13:13:51.711 [main] INFO  it.smartpaper.BookStoreImpl.AcquistoImplementationTest - Creo un nuovo driver
2024-06-03 13:13:54.973 [main] INFO  it.smartpaper.BookStoreImpl.AcquistoImplementationTest - Driver creato correttamente
2024-06-03 13:13:54.989 [main] INFO  it.smartpaper.BookStoreImpl.AcquistoImplementationTest - Inizio test RegisterKOTest.
2024-06-03 13:14:02.638 [main] INFO  it.smartpaper.BookStoreImpl.AcquistoImplementationTest - URL iniziale: https://demoqa.com/books
2024-06-03 13:14:02.663 [main] INFO  it.smartpaper.BookStoreImpl.AcquistoImplementationTest - Inizio test RegisterOKTest.
2024-06-03 13:14:03.874 [main] INFO  it.smartpaper.BookStoreImpl.AcquistoImplementationTest - URL iniziale: https://demoqa.com/books
2024-06-03 13:16:57.944 [main] INFO  it.smartpaper.BookStoreImpl.AcquistoImplementationTest - ________________________________________
2024-06-03 13:16:57.950 [main] INFO  it.smartpaper.BookStoreImpl.AcquistoImplementationTest - Creo un nuovo driver
2024-06-03 13:17:01.283 [main] INFO  it.smartpaper.BookStoreImpl.AcquistoImplementationTest - Driver creato correttamente
2024-06-03 13:17:01.298 [main] INFO  it.smartpaper.BookStoreImpl.AcquistoImplementationTest - Inizio test RegisterKOTest.
2024-06-03 13:17:04.165 [main] INFO  it.smartpaper.BookStoreImpl.AcquistoImplementationTest - URL iniziale: https://demoqa.com/books
2024-06-03 13:17:04.190 [main] INFO  it.smartpaper.BookStoreImpl.AcquistoImplementationTest - Inizio test RegisterOKTest.
2024-06-03 13:17:05.167 [main] INFO  it.smartpaper.BookStoreImpl.AcquistoImplementationTest - URL iniziale: https://demoqa.com/books
2024-06-03 14:07:23.021 [main] INFO  it.smartpaper.BookStoreImpl.AcquistoImplementationTest - ________________________________________
2024-06-03 14:07:23.026 [main] INFO  it.smartpaper.BookStoreImpl.AcquistoImplementationTest - Creo un nuovo driver
2024-06-03 14:07:26.768 [main] INFO  it.smartpaper.BookStoreImpl.AcquistoImplementationTest - Driver creato correttamente
2024-06-03 14:07:26.792 [main] INFO  it.smartpaper.BookStoreImpl.AcquistoImplementationTest - Inizio test RegisterKOTest.
2024-06-03 14:10:09.562 [main] INFO  it.smartpaper.BookStoreImpl.AcquistoImplementationTest - ________________________________________
2024-06-03 14:10:09.568 [main] INFO  it.smartpaper.BookStoreImpl.AcquistoImplementationTest - Creo un nuovo driver
2024-06-03 14:10:12.974 [main] INFO  it.smartpaper.BookStoreImpl.AcquistoImplementationTest - Driver creato correttamente
2024-06-03 14:10:12.991 [main] INFO  it.smartpaper.BookStoreImpl.AcquistoImplementationTest - Inizio test RegisterKOTest.
2024-06-03 14:13:17.177 [main] INFO  it.smartpaper.BookStoreImpl.AcquistoImplementationTest - ________________________________________
2024-06-03 14:13:17.183 [main] INFO  it.smartpaper.BookStoreImpl.AcquistoImplementationTest - Creo un nuovo driver
2024-06-03 14:13:20.546 [main] INFO  it.smartpaper.BookStoreImpl.AcquistoImplementationTest - Driver creato correttamente
2024-06-03 14:13:20.565 [main] INFO  it.smartpaper.BookStoreImpl.AcquistoImplementationTest - Inizio test RegisterKOTest.
2024-06-03 14:13:47.974 [main] INFO  it.smartpaper.BookStoreImpl.AcquistoImplementationTest - ________________________________________
2024-06-03 14:13:47.980 [main] INFO  it.smartpaper.BookStoreImpl.AcquistoImplementationTest - Creo un nuovo driver
2024-06-03 14:13:51.480 [main] INFO  it.smartpaper.BookStoreImpl.AcquistoImplementationTest - Driver creato correttamente
2024-06-03 14:13:51.500 [main] INFO  it.smartpaper.BookStoreImpl.AcquistoImplementationTest - Inizio test RegisterKOTest.
2024-06-03 14:15:25.169 [main] INFO  it.smartpaper.BookStoreImpl.AcquistoImplementationTest - Inizio test RegisterOKTest.
2024-06-03 14:18:06.843 [main] INFO  it.smartpaper.BookStoreImpl.AcquistoImplementationTest - ________________________________________
2024-06-03 14:18:06.848 [main] INFO  it.smartpaper.BookStoreImpl.AcquistoImplementationTest - Creo un nuovo driver
2024-06-03 14:18:10.234 [main] INFO  it.smartpaper.BookStoreImpl.AcquistoImplementationTest - Driver creato correttamente
2024-06-03 14:18:10.253 [main] INFO  it.smartpaper.BookStoreImpl.AcquistoImplementationTest - Inizio test RegisterKOTest.
2024-06-03 14:19:38.782 [main] INFO  it.smartpaper.BookStoreImpl.AcquistoImplementationTest - ________________________________________
2024-06-03 14:19:38.788 [main] INFO  it.smartpaper.BookStoreImpl.AcquistoImplementationTest - Creo un nuovo driver
2024-06-03 14:19:42.193 [main] INFO  it.smartpaper.BookStoreImpl.AcquistoImplementationTest - Driver creato correttamente
2024-06-03 14:19:42.211 [main] INFO  it.smartpaper.BookStoreImpl.AcquistoImplementationTest - Inizio test RegisterKOTest.
2024-06-03 14:20:35.940 [main] INFO  it.smartpaper.BookStoreImpl.AcquistoImplementationTest - Inizio test RegisterOKTest.
2024-06-03 14:21:55.462 [main] INFO  it.smartpaper.BookStoreImpl.AcquistoImplementationTest - ________________________________________
2024-06-03 14:21:55.468 [main] INFO  it.smartpaper.BookStoreImpl.AcquistoImplementationTest - Creo un nuovo driver
2024-06-03 14:21:58.852 [main] INFO  it.smartpaper.BookStoreImpl.AcquistoImplementationTest - Driver creato correttamente
2024-06-03 14:21:58.868 [main] INFO  it.smartpaper.BookStoreImpl.AcquistoImplementationTest - Inizio test RegisterKOTest.
2024-06-03 14:22:42.694 [main] INFO  it.smartpaper.BookStoreImpl.AcquistoImplementationTest - ________________________________________
2024-06-03 14:22:42.698 [main] INFO  it.smartpaper.BookStoreImpl.AcquistoImplementationTest - Creo un nuovo driver
2024-06-03 14:22:47.345 [main] INFO  it.smartpaper.BookStoreImpl.AcquistoImplementationTest - Driver creato correttamente
2024-06-03 14:22:47.362 [main] INFO  it.smartpaper.BookStoreImpl.AcquistoImplementationTest - Inizio test RegisterKOTest.
2024-06-03 14:22:52.997 [main] INFO  it.smartpaper.BookStoreImpl.AcquistoImplementationTest - Inizio test RegisterOKTest.
2024-06-03 14:27:31.687 [main] INFO  it.smartpaper.BookStoreImpl.AcquistoImplementationTest - ________________________________________
2024-06-03 14:27:31.693 [main] INFO  it.smartpaper.BookStoreImpl.AcquistoImplementationTest - Creo un nuovo driver
2024-06-03 14:27:35.116 [main] INFO  it.smartpaper.BookStoreImpl.AcquistoImplementationTest - Driver creato correttamente
2024-06-03 14:27:35.138 [main] INFO  it.smartpaper.BookStoreImpl.AcquistoImplementationTest - Inizio test RegisterKOTest.
2024-06-03 14:31:52.767 [main] INFO  it.smartpaper.BookStoreImpl.AcquistoImplementationTest - ________________________________________
2024-06-03 14:31:52.774 [main] INFO  it.smartpaper.BookStoreImpl.AcquistoImplementationTest - Creo un nuovo driver
2024-06-03 14:31:52.775 [main] INFO  it.smartpaper.BookStoreImpl.AcquistoImplementationTest - Driver creato correttamente
2024-06-03 14:31:52.793 [main] INFO  it.smartpaper.BookStoreImpl.AcquistoImplementationTest - Inizio test RegisterKOTest.
2024-06-03 14:32:51.072 [main] INFO  it.smartpaper.BookStoreImpl.AcquistoImplementationTest - ________________________________________
2024-06-03 14:32:51.075 [main] INFO  it.smartpaper.BookStoreImpl.AcquistoImplementationTest - Creo un nuovo driver
2024-06-03 14:32:51.076 [main] INFO  it.smartpaper.BookStoreImpl.AcquistoImplementationTest - Driver creato correttamente
2024-06-03 14:32:51.094 [main] INFO  it.smartpaper.BookStoreImpl.AcquistoImplementationTest - Inizio test RegisterKOTest.
2024-06-03 14:32:55.895 [main] INFO  it.smartpaper.BookStoreImpl.AcquistoImplementationTest - Inizio test RegisterOKTest.
2024-06-03 14:34:51.204 [main] INFO  it.smartpaper.BookStoreImpl.AcquistoImplementationTest - ________________________________________
2024-06-03 14:34:51.211 [main] INFO  it.smartpaper.BookStoreImpl.AcquistoImplementationTest - Creo un nuovo driver
2024-06-03 14:34:51.212 [main] INFO  it.smartpaper.BookStoreImpl.AcquistoImplementationTest - Driver creato correttamente
2024-06-03 14:34:51.230 [main] INFO  it.smartpaper.BookStoreImpl.AcquistoImplementationTest - Inizio test RegisterKOTest.
2024-06-03 14:35:15.939 [main] INFO  it.smartpaper.BookStoreImpl.AcquistoImplementationTest - ________________________________________
2024-06-03 14:35:15.947 [main] INFO  it.smartpaper.BookStoreImpl.AcquistoImplementationTest - Creo un nuovo driver
2024-06-03 14:35:15.948 [main] INFO  it.smartpaper.BookStoreImpl.AcquistoImplementationTest - Driver creato correttamente
2024-06-03 14:35:15.969 [main] INFO  it.smartpaper.BookStoreImpl.AcquistoImplementationTest - Inizio test RegisterKOTest.
2024-06-03 14:47:04.964 [main] INFO  it.smartpaper.BookStoreImpl.AcquistoImplementationTest - ________________________________________
2024-06-03 14:47:04.967 [main] INFO  it.smartpaper.BookStoreImpl.AcquistoImplementationTest - Creo un nuovo driver
2024-06-03 14:47:04.968 [main] INFO  it.smartpaper.BookStoreImpl.AcquistoImplementationTest - Driver creato correttamente
2024-06-03 14:47:04.981 [main] INFO  it.smartpaper.BookStoreImpl.AcquistoImplementationTest - Inizio test RegisterKOTest.
2024-06-03 14:47:05.421 [main] INFO  it.smartpaper.BookStoreImpl.AcquistoImplementationTest - Inizio test RegisterOKTest.
2024-06-03 14:47:25.407 [main] INFO  it.smartpaper.BookStoreImpl.AcquistoImplementationTest - ________________________________________
2024-06-03 14:47:25.411 [main] INFO  it.smartpaper.BookStoreImpl.AcquistoImplementationTest - Creo un nuovo driver
2024-06-03 14:47:25.412 [main] INFO  it.smartpaper.BookStoreImpl.AcquistoImplementationTest - Driver creato correttamente
2024-06-03 14:47:25.429 [main] INFO  it.smartpaper.BookStoreImpl.AcquistoImplementationTest - Inizio test RegisterKOTest.
2024-06-03 14:47:29.174 [main] INFO  it.smartpaper.BookStoreImpl.AcquistoImplementationTest - Click su 'Profile'.
2024-06-03 14:47:29.191 [main] INFO  it.smartpaper.BookStoreImpl.AcquistoImplementationTest - URL verificato dopo il click su 'Profile': https://demoqa.com/profile
2024-06-03 14:47:30.061 [main] INFO  it.smartpaper.BookStoreImpl.AcquistoImplementationTest - Click su 'Register'.
2024-06-03 14:47:31.662 [main] INFO  it.smartpaper.BookStoreImpl.AcquistoImplementationTest - Inizio test RegisterOKTest.
2024-06-03 14:47:32.457 [main] INFO  it.smartpaper.BookStoreImpl.AcquistoImplementationTest - Click su 'Profile'.
2024-06-03 14:47:32.475 [main] INFO  it.smartpaper.BookStoreImpl.AcquistoImplementationTest - URL verificato dopo il click su 'Profile': https://demoqa.com/profile
2024-06-03 14:47:33.236 [main] INFO  it.smartpaper.BookStoreImpl.AcquistoImplementationTest - Click su 'Register'.
2024-06-03 14:47:34.121 [main] INFO  it.smartpaper.BookStoreImpl.AcquistoImplementationTest - Click su 'Profile'.
2024-06-03 14:47:34.133 [main] INFO  it.smartpaper.BookStoreImpl.AcquistoImplementationTest - URL verificato dopo il click su 'Profile': https://demoqa.com/profile
2024-06-03 14:47:34.904 [main] INFO  it.smartpaper.BookStoreImpl.AcquistoImplementationTest - Click su 'Register'.
2024-06-03 14:49:59.831 [main] INFO  it.smartpaper.BookStoreImpl.AcquistoImplementationTest - ________________________________________
2024-06-03 14:49:59.835 [main] INFO  it.smartpaper.BookStoreImpl.AcquistoImplementationTest - Creo un nuovo driver
2024-06-03 14:49:59.835 [main] INFO  it.smartpaper.BookStoreImpl.AcquistoImplementationTest - Driver creato correttamente
2024-06-03 14:49:59.859 [main] INFO  it.smartpaper.BookStoreImpl.AcquistoImplementationTest - Inizio test RegisterKOTest.
2024-06-03 14:50:04.555 [main] INFO  it.smartpaper.BookStoreImpl.AcquistoImplementationTest - Click su 'Profile'.
2024-06-03 14:50:04.571 [main] INFO  it.smartpaper.BookStoreImpl.AcquistoImplementationTest - URL verificato dopo il click su 'Profile': https://demoqa.com/profile
2024-06-03 14:50:05.964 [main] INFO  it.smartpaper.BookStoreImpl.AcquistoImplementationTest - Click su 'Register'.
2024-06-03 15:23:25.933 [main] INFO  it.smartpaper.BookStoreImpl.AcquistoImplementationTest - ________________________________________
2024-06-03 15:23:25.937 [main] INFO  it.smartpaper.BookStoreImpl.AcquistoImplementationTest - Creo un nuovo driver
2024-06-03 15:23:31.858 [main] INFO  it.smartpaper.BookStoreImpl.AcquistoImplementationTest - Driver creato correttamente
2024-06-03 15:23:35.346 [main] INFO  it.smartpaper.BookStoreImpl.AcquistoImplementationTest - Inserisco dati per la creazione dell'account
2024-06-03 15:23:35.639 [main] INFO  it.smartpaper.BookStoreImpl.AcquistoImplementationTest - Nome utente : AmiciNoi
2024-06-03 15:23:37.734 [main] INFO  it.smartpaper.BookStoreImpl.AcquistoImplementationTest - Inserisco dati per il login dell'account
2024-06-03 15:23:38.063 [main] INFO  it.smartpaper.BookStoreImpl.AcquistoImplementationTest - Nome utente : AmiciNi
2024-06-03 15:23:39.166 [main] INFO  it.smartpaper.BookStoreImpl.AcquistoImplementationTest - Inizio test RegisterKOTest.
2024-06-03 15:23:40.568 [main] INFO  it.smartpaper.BookStoreImpl.AcquistoImplementationTest - Click su 'Profile'.
2024-06-03 15:23:40.615 [main] INFO  it.smartpaper.BookStoreImpl.AcquistoImplementationTest - URL verificato dopo il click su 'Profile': https://demoqa.com/profile
2024-06-03 15:23:42.592 [main] INFO  it.smartpaper.BookStoreImpl.AcquistoImplementationTest - Click su 'Register'.
2024-06-03 15:23:44.296 [main] INFO  it.smartpaper.BookStoreImpl.AcquistoImplementationTest - Inizio test RegisterOKTest.
2024-06-03 15:23:45.246 [main] INFO  it.smartpaper.BookStoreImpl.AcquistoImplementationTest - Click su 'Profile'.
2024-06-03 15:23:45.265 [main] INFO  it.smartpaper.BookStoreImpl.AcquistoImplementationTest - URL verificato dopo il click su 'Profile': https://demoqa.com/profile
2024-06-03 15:23:46.375 [main] INFO  it.smartpaper.BookStoreImpl.AcquistoImplementationTest - Click su 'Register'.
2024-06-03 15:23:47.322 [main] INFO  it.smartpaper.BookStoreImpl.AcquistoImplementationTest - Click su 'Profile'.
2024-06-03 15:23:47.353 [main] INFO  it.smartpaper.BookStoreImpl.AcquistoImplementationTest - URL verificato dopo il click su 'Profile': https://demoqa.com/profile
2024-06-03 15:23:48.447 [main] INFO  it.smartpaper.BookStoreImpl.AcquistoImplementationTest - Click su 'Register'.
2024-06-03 15:24:33.240 [main] INFO  it.smartpaper.BookStoreImpl.AcquistoImplementationTest - ________________________________________
2024-06-03 15:24:33.249 [main] INFO  it.smartpaper.BookStoreImpl.AcquistoImplementationTest - Creo un nuovo driver
2024-06-03 15:24:37.965 [main] INFO  it.smartpaper.BookStoreImpl.AcquistoImplementationTest - Driver creato correttamente
2024-06-03 15:24:48.647 [main] INFO  it.smartpaper.BookStoreImpl.AcquistoImplementationTest - Inserisco dati per la creazione dell'account
2024-06-03 15:24:58.655 [main] INFO  it.smartpaper.BookStoreImpl.AcquistoImplementationTest - Nome utente : AmiciNoi
2024-06-03 15:26:17.614 [main] INFO  it.smartpaper.BookStoreImpl.AcquistoImplementationTest - ________________________________________
2024-06-03 15:26:17.619 [main] INFO  it.smartpaper.BookStoreImpl.AcquistoImplementationTest - Creo un nuovo driver
2024-06-03 15:26:21.067 [main] INFO  it.smartpaper.BookStoreImpl.AcquistoImplementationTest - Driver creato correttamente
2024-06-03 15:26:25.041 [main] INFO  it.smartpaper.BookStoreImpl.AcquistoImplementationTest - Inserisco dati per la creazione dell'account
2024-06-03 15:26:25.324 [main] INFO  it.smartpaper.BookStoreImpl.AcquistoImplementationTest - Nome utente : AmiciNoi
2024-06-03 15:26:26.276 [main] INFO  it.smartpaper.BookStoreImpl.AcquistoImplementationTest - Inserisco dati per il login dell'account
2024-06-03 15:26:26.808 [main] INFO  it.smartpaper.BookStoreImpl.AcquistoImplementationTest - Nome utente : AmiciNi
2024-06-03 15:26:27.998 [main] INFO  it.smartpaper.BookStoreImpl.AcquistoImplementationTest - Il bottone 'Login' è ancora visibile sulla pagina.
2024-06-03 15:26:28.034 [main] INFO  it.smartpaper.BookStoreImpl.AcquistoImplementationTest - Il testo corrisponde a :Invalid username or password!
2024-06-03 15:26:28.086 [main] INFO  it.smartpaper.BookStoreImpl.AcquistoImplementationTest - Il bottone 'Login' è visibile e il bottone 'Log out' non è visibile sulla pagina.
2024-06-03 15:26:28.090 [main] INFO  it.smartpaper.BookStoreImpl.AcquistoImplementationTest - Inizio test RegisterKOTest.
2024-06-03 15:26:28.995 [main] INFO  it.smartpaper.BookStoreImpl.AcquistoImplementationTest - Click su 'Profile'.
2024-06-03 15:26:29.007 [main] INFO  it.smartpaper.BookStoreImpl.AcquistoImplementationTest - URL verificato dopo il click su 'Profile': https://demoqa.com/profile
2024-06-03 15:26:29.846 [main] INFO  it.smartpaper.BookStoreImpl.AcquistoImplementationTest - Click su 'Register'.
2024-06-03 15:26:51.262 [main] INFO  it.smartpaper.BookStoreImpl.AcquistoImplementationTest - Dati inseriti nel form di registrazione.
2024-06-03 15:26:51.294 [main] INFO  it.smartpaper.BookStoreImpl.AcquistoImplementationTest - Inizio test RegisterOKTest.
2024-06-03 15:26:52.594 [main] INFO  it.smartpaper.BookStoreImpl.AcquistoImplementationTest - Click su 'Profile'.
2024-06-03 15:26:52.610 [main] INFO  it.smartpaper.BookStoreImpl.AcquistoImplementationTest - URL verificato dopo il click su 'Profile': https://demoqa.com/profile
2024-06-03 15:26:53.791 [main] INFO  it.smartpaper.BookStoreImpl.AcquistoImplementationTest - Click su 'Register'.
2024-06-03 15:26:55.940 [main] INFO  it.smartpaper.BookStoreImpl.AcquistoImplementationTest - Click su 'Profile'.
2024-06-03 15:26:55.950 [main] INFO  it.smartpaper.BookStoreImpl.AcquistoImplementationTest - URL verificato dopo il click su 'Profile': https://demoqa.com/profile
2024-06-03 15:26:56.749 [main] INFO  it.smartpaper.BookStoreImpl.AcquistoImplementationTest - Click su 'Register'.
2024-06-03 15:26:57.397 [main] INFO  it.smartpaper.BookStoreImpl.AcquistoImplementationTest - Dati inseriti nel form di registrazione.
2024-06-03 15:27:05.676 [main] INFO  it.smartpaper.BookStoreImpl.AcquistoImplementationTest - Redirect to profile page after registration.
2024-06-03 15:27:06.061 [main] INFO  it.smartpaper.BookStoreImpl.AcquistoImplementationTest - Login eseguito con i dati dell'utente registrato.
2024-06-03 15:27:35.861 [main] INFO  it.smartpaper.BookStoreImpl.AcquistoImplementationTest - ________________________________________
2024-06-03 15:27:35.867 [main] INFO  it.smartpaper.BookStoreImpl.AcquistoImplementationTest - Creo un nuovo driver
2024-06-03 15:27:39.945 [main] INFO  it.smartpaper.BookStoreImpl.AcquistoImplementationTest - Driver creato correttamente
2024-06-03 15:27:52.053 [main] INFO  it.smartpaper.BookStoreImpl.AcquistoImplementationTest - Inserisco dati per la creazione dell'account
2024-06-03 15:27:58.342 [main] INFO  it.smartpaper.BookStoreImpl.AcquistoImplementationTest - Nome utente : AmiciNoi
2024-06-03 15:29:02.401 [main] INFO  it.smartpaper.BookStoreImpl.AcquistoImplementationTest - ________________________________________
2024-06-03 15:29:02.409 [main] INFO  it.smartpaper.BookStoreImpl.AcquistoImplementationTest - Creo un nuovo driver
2024-06-03 15:29:06.854 [main] INFO  it.smartpaper.BookStoreImpl.AcquistoImplementationTest - Driver creato correttamente
2024-06-03 15:29:14.481 [main] INFO  it.smartpaper.BookStoreImpl.AcquistoImplementationTest - Inserisco dati per la creazione dell'account
2024-06-03 15:29:14.769 [main] INFO  it.smartpaper.BookStoreImpl.AcquistoImplementationTest - Nome utente : AmiciNoi
2024-06-03 15:31:03.719 [main] INFO  it.smartpaper.BookStoreImpl.AcquistoImplementationTest - ________________________________________
2024-06-03 15:31:03.728 [main] INFO  it.smartpaper.BookStoreImpl.AcquistoImplementationTest - Creo un nuovo driver
2024-06-03 15:31:07.711 [main] INFO  it.smartpaper.BookStoreImpl.AcquistoImplementationTest - Driver creato correttamente
2024-06-03 15:31:13.294 [main] INFO  it.smartpaper.BookStoreImpl.AcquistoImplementationTest - Inserisco dati per la creazione dell'account
2024-06-03 15:31:13.616 [main] INFO  it.smartpaper.BookStoreImpl.AcquistoImplementationTest - Nome utente : AmiciNoi
2024-06-03 15:31:31.512 [main] INFO  it.smartpaper.BookStoreImpl.AcquistoImplementationTest - Il bottone 'Login' è ancora invisibile sulla pagina.
2024-06-03 15:33:18.307 [main] INFO  it.smartpaper.BookStoreImpl.AcquistoImplementationTest - Inserisco dati per il login dell'account
2024-06-03 15:33:51.739 [main] INFO  it.smartpaper.BookStoreImpl.AcquistoImplementationTest - ________________________________________
2024-06-03 15:33:51.746 [main] INFO  it.smartpaper.BookStoreImpl.AcquistoImplementationTest - Creo un nuovo driver
2024-06-03 15:33:56.110 [main] INFO  it.smartpaper.BookStoreImpl.AcquistoImplementationTest - Driver creato correttamente
2024-06-03 15:34:10.600 [main] INFO  it.smartpaper.BookStoreImpl.AcquistoImplementationTest - Inserisco dati per il login dell'account
2024-06-03 15:34:15.347 [main] INFO  it.smartpaper.BookStoreImpl.AcquistoImplementationTest - Nome utente : AmiciNi
2024-06-03 15:34:28.641 [main] INFO  it.smartpaper.BookStoreImpl.AcquistoImplementationTest - Il bottone 'Login' è ancora visibile sulla pagina.
2024-06-03 15:34:34.303 [main] INFO  it.smartpaper.BookStoreImpl.AcquistoImplementationTest - Il testo corrisponde a :Invalid username or password!
2024-06-03 15:35:37.698 [main] INFO  it.smartpaper.BookStoreImpl.AcquistoImplementationTest - Il bottone 'Login' è visibile e il bottone 'Log out' non è visibile sulla pagina.
2024-06-03 15:35:47.609 [main] INFO  it.smartpaper.BookStoreImpl.AcquistoImplementationTest - Inizio test RegisterKOTest.
2024-06-03 15:36:17.327 [main] INFO  it.smartpaper.BookStoreImpl.AcquistoImplementationTest - Click su 'Profile'.
2024-06-03 15:36:17.423 [main] INFO  it.smartpaper.BookStoreImpl.AcquistoImplementationTest - URL verificato dopo il click su 'Profile': https://demoqa.com/profile
2024-06-03 15:36:18.906 [main] INFO  it.smartpaper.BookStoreImpl.AcquistoImplementationTest - Click su 'Register'.
2024-06-03 15:38:32.570 [main] INFO  it.smartpaper.BookStoreImpl.AcquistoImplementationTest - ________________________________________
2024-06-03 15:38:32.577 [main] INFO  it.smartpaper.BookStoreImpl.AcquistoImplementationTest - Creo un nuovo driver
2024-06-03 15:38:36.700 [main] INFO  it.smartpaper.BookStoreImpl.AcquistoImplementationTest - Driver creato correttamente
2024-06-03 15:38:45.283 [main] INFO  it.smartpaper.BookStoreImpl.AcquistoImplementationTest - ________________________________________
2024-06-03 15:38:45.290 [main] INFO  it.smartpaper.BookStoreImpl.AcquistoImplementationTest - Creo un nuovo driver
2024-06-03 15:38:49.310 [main] INFO  it.smartpaper.BookStoreImpl.AcquistoImplementationTest - Driver creato correttamente
2024-06-03 15:38:57.282 [main] INFO  it.smartpaper.BookStoreImpl.AcquistoImplementationTest - Inizio test RegisterKOTest.
2024-06-03 15:39:05.730 [main] INFO  it.smartpaper.BookStoreImpl.AcquistoImplementationTest - Click su 'Profile'.
2024-06-03 15:39:05.801 [main] INFO  it.smartpaper.BookStoreImpl.AcquistoImplementationTest - URL verificato dopo il click su 'Profile': https://demoqa.com/profile
2024-06-03 15:39:06.971 [main] INFO  it.smartpaper.BookStoreImpl.AcquistoImplementationTest - Click su 'Register'.
2024-06-03 15:40:07.250 [main] INFO  it.smartpaper.BookStoreImpl.AcquistoImplementationTest - Dati inseriti nel form di registrazione.
2024-06-03 15:40:09.583 [main] INFO  it.smartpaper.BookStoreImpl.AcquistoImplementationTest - Messaggio di errore ricevuto: Passwords must have at least one non alphanumeric character, one digit ('0'-'9'), one uppercase ('A'-'Z'), one lowercase ('a'-'z'), one special character and Password must be eight characters or longer.
2024-06-03 15:40:13.445 [main] INFO  it.smartpaper.BookStoreImpl.AcquistoImplementationTest - Il bottone per registrarsi è visibile.
2024-06-03 15:40:14.123 [main] INFO  it.smartpaper.BookStoreImpl.AcquistoImplementationTest - Test RegisterKOTest completato.
2024-06-03 15:40:18.230 [main] INFO  it.smartpaper.BookStoreImpl.AcquistoImplementationTest - Inizio test RegisterOKTest.
2024-06-03 15:40:19.217 [main] INFO  it.smartpaper.BookStoreImpl.AcquistoImplementationTest - Click su 'Profile'.
2024-06-03 15:40:19.231 [main] INFO  it.smartpaper.BookStoreImpl.AcquistoImplementationTest - URL verificato dopo il click su 'Profile': https://demoqa.com/profile
2024-06-03 15:40:22.621 [main] INFO  it.smartpaper.BookStoreImpl.AcquistoImplementationTest - Click su 'Register'.
2024-06-03 15:40:23.362 [main] INFO  it.smartpaper.BookStoreImpl.AcquistoImplementationTest - Click su 'Profile'.
2024-06-03 15:40:23.372 [main] INFO  it.smartpaper.BookStoreImpl.AcquistoImplementationTest - URL verificato dopo il click su 'Profile': https://demoqa.com/profile
2024-06-03 15:40:25.213 [main] INFO  it.smartpaper.BookStoreImpl.AcquistoImplementationTest - Click su 'Register'.
2024-06-03 15:40:25.814 [main] INFO  it.smartpaper.BookStoreImpl.AcquistoImplementationTest - Dati inseriti nel form di registrazione.
2024-06-03 15:40:43.642 [main] INFO  it.smartpaper.BookStoreImpl.AcquistoImplementationTest - Redirect to profile page after registration.
2024-06-03 15:40:44.088 [main] INFO  it.smartpaper.BookStoreImpl.AcquistoImplementationTest - Login eseguito con i dati dell'utente registrato.
2024-06-03 15:46:17.893 [main] INFO  it.smartpaper.BookStoreImpl.AcquistoImplementationTest - ________________________________________
2024-06-03 15:46:17.900 [main] INFO  it.smartpaper.BookStoreImpl.AcquistoImplementationTest - Creo un nuovo driver
2024-06-03 15:46:21.784 [main] INFO  it.smartpaper.BookStoreImpl.AcquistoImplementationTest - Driver creato correttamente
2024-06-03 15:46:21.811 [main] INFO  it.smartpaper.BookStoreImpl.AcquistoImplementationTest - Inizio test RegisterOKTest.
2024-06-03 15:46:24.834 [main] INFO  it.smartpaper.BookStoreImpl.AcquistoImplementationTest - Click su 'Profile'.
2024-06-03 15:46:24.861 [main] INFO  it.smartpaper.BookStoreImpl.AcquistoImplementationTest - URL verificato dopo il click su 'Profile': https://demoqa.com/profile
2024-06-03 15:46:26.032 [main] INFO  it.smartpaper.BookStoreImpl.AcquistoImplementationTest - Click su 'Register'.
2024-06-03 15:46:40.756 [main] INFO  it.smartpaper.BookStoreImpl.AcquistoImplementationTest - Click su 'Profile'.
2024-06-03 15:46:43.537 [main] INFO  it.smartpaper.BookStoreImpl.AcquistoImplementationTest - URL verificato dopo il click su 'Profile': https://demoqa.com/profile
2024-06-03 15:46:46.193 [main] INFO  it.smartpaper.BookStoreImpl.AcquistoImplementationTest - Click su 'Register'.
2024-06-03 15:46:52.686 [main] INFO  it.smartpaper.BookStoreImpl.AcquistoImplementationTest - Dati inseriti nel form di registrazione.
2024-06-03 15:47:29.387 [main] INFO  it.smartpaper.BookStoreImpl.AcquistoImplementationTest - Redirect to profile page after registration.
2024-06-03 15:47:37.521 [main] INFO  it.smartpaper.BookStoreImpl.AcquistoImplementationTest - Login eseguito con i dati dell'utente registrato.
2024-06-03 15:47:41.756 [main] INFO  it.smartpaper.BookStoreImpl.AcquistoImplementationTest - Username verificato: Camaleon
2024-06-03 15:47:46.264 [main] INFO  it.smartpaper.BookStoreImpl.AcquistoImplementationTest - Il bottone 'LogOut' è visibile sulla pagina.
2024-06-03 15:47:48.697 [main] INFO  it.smartpaper.BookStoreImpl.AcquistoImplementationTest - Click su 'Book Store'.
2024-06-03 15:47:53.254 [main] INFO  it.smartpaper.BookStoreImpl.AcquistoImplementationTest - Click sul libro 'You Don't Know JS'.
2024-06-03 15:47:57.131 [main] INFO  it.smartpaper.BookStoreImpl.AcquistoImplementationTest - URL verificato: https://demoqa.com/books?book=9781491904244
2024-06-03 15:47:57.869 [main] INFO  it.smartpaper.BookStoreImpl.AcquistoImplementationTest - Test RegisterOKTest completato.
